[1106/100322.851:ERROR:process_reader_win.cc(176)] GetThreadContext: 连到系统上的设备没有发挥作用。 (0x1F)
[1115/191312.083:ERROR:process_info.cc(375)] NtQuerySystemInformation SystemExtendedHandleInformation: 指定的信息记录长度与请求的信息类别长度不符合。 (0xc0000004)
[1118/110552.960:ERROR:process_info.cc(375)] NtQuerySystemInformation SystemExtendedHandleInformation: 指定的信息记录长度与请求的信息类别长度不符合。 (0xc0000004)
[1119/195639.770:ERROR:process_info.cc(375)] NtQuerySystemInformation SystemExtendedHandleInformation: 指定的信息记录长度与请求的信息类别长度不符合。 (0xc0000004)
[1119/195800.037:ERROR:process_info.cc(375)] NtQuerySystemInformation SystemExtendedHandleInformation: 指定的信息记录长度与请求的信息类别长度不符合。 (0xc0000004)
[1119/200010.013:ERROR:process_info.cc(375)] NtQuerySystemInformation SystemExtendedHandleInformation: 指定的信息记录长度与请求的信息类别长度不符合。 (0xc0000004)
[1119/200433.356:ERROR:process_info.cc(375)] NtQuerySystemInformation SystemExtendedHandleInformation: 指定的信息记录长度与请求的信息类别长度不符合。 (0xc0000004)
[1119/220637.775:ERROR:process_info.cc(375)] NtQuerySystemInformation SystemExtendedHandleInformation: 指定的信息记录长度与请求的信息类别长度不符合。 (0xc0000004)
[1119/220638.072:ERROR:process_memory_win.cc(73)] ReadMemory at 0x7ff6a2bf0000 of 64 bytes failed: 仅完成部分的 ReadProcessMemory 或 WriteProcessMemory 请求。 (0x12B)
[1119/220638.085:WARNING:pe_image_reader.cc(340)] could not read dos header from C:\Program Files (x86)\Google\Chrome\Application\chrome.exe
[1119/220638.085:ERROR:process_memory_win.cc(73)] ReadMemory at 0x7ffbb6f90000 of 64 bytes failed: 仅完成部分的 ReadProcessMemory 或 WriteProcessMemory 请求。 (0x12B)
[1119/220638.085:WARNING:pe_image_reader.cc(340)] could not read dos header from C:\Windows\SYSTEM32\ntdll.dll
[1119/220638.085:ERROR:process_memory_win.cc(73)] ReadMemory at 0x7ffbb4780000 of 64 bytes failed: 仅完成部分的 ReadProcessMemory 或 WriteProcessMemory 请求。 (0x12B)
[1119/220638.085:WARNING:pe_image_reader.cc(340)] could not read dos header from C:\Windows\System32\KERNEL32.DLL
[1119/220638.085:ERROR:process_memory_win.cc(73)] ReadMemory at 0x7ffbb3780000 of 64 bytes failed: 仅完成部分的 ReadProcessMemory 或 WriteProcessMemory 请求。 (0x12B)
[1119/220638.085:WARNING:pe_image_reader.cc(340)] could not read dos header from C:\Windows\System32\KERNELBASE.dll
[1119/220638.085:ERROR:process_memory_win.cc(73)] ReadMemory at 0x7ffb85710000 of 64 bytes failed: 仅完成部分的 ReadProcessMemory 或 WriteProcessMemory 请求。 (0x12B)
[1119/220638.085:WARNING:pe_image_reader.cc(340)] could not read dos header from C:\Program Files (x86)\Google\Chrome\Application\78.0.3904.97\chrome_elf.dll
[1119/220638.085:ERROR:process_memory_win.cc(73)] ReadMemory at 0x7ffba55d0000 of 64 bytes failed: 仅完成部分的 ReadProcessMemory 或 WriteProcessMemory 请求。 (0x12B)
[1119/220638.085:WARNING:pe_image_reader.cc(340)] could not read dos header from C:\Windows\SYSTEM32\VERSION.dll
[1119/220638.085:ERROR:process_memory_win.cc(73)] ReadMemory at 0x7ffbb6ef0000 of 64 bytes failed: 仅完成部分的 ReadProcessMemory 或 WriteProcessMemory 请求。 (0x12B)
[1119/220638.085:WARNING:pe_image_reader.cc(340)] could not read dos header from C:\Windows\System32\msvcrt.dll
[1119/220638.086:ERROR:process_memory_win.cc(73)] ReadMemory at 0x7ffbb4120000 of 64 bytes failed: 仅完成部分的 ReadProcessMemory 或 WriteProcessMemory 请求。 (0x12B)
[1119/220638.086:WARNING:pe_image_reader.cc(340)] could not read dos header from C:\Windows\System32\bcryptPrimitives.dll
[1119/220638.086:ERROR:process_memory_win.cc(73)] ReadMemory at 0x7ffbb5200000 of 64 bytes failed: 仅完成部分的 ReadProcessMemory 或 WriteProcessMemory 请求。 (0x12B)
[1119/220638.086:WARNING:pe_image_reader.cc(340)] could not read dos header from C:\Windows\System32\ADVAPI32.dll
[1119/220638.086:ERROR:process_memory_win.cc(73)] ReadMemory at 0x7ffbb4720000 of 64 bytes failed: 仅完成部分的 ReadProcessMemory 或 WriteProcessMemory 请求。 (0x12B)
[1119/220638.086:WARNING:pe_image_reader.cc(340)] could not read dos header from C:\Windows\System32\sechost.dll
[1119/220638.086:ERROR:process_memory_win.cc(73)] ReadMemory at 0x7ffbb4ed0000 of 64 bytes failed: 仅完成部分的 ReadProcessMemory 或 WriteProcessMemory 请求。 (0x12B)
[1119/220638.086:WARNING:pe_image_reader.cc(340)] could not read dos header from C:\Windows\System32\RPCRT4.dll
[1119/220638.086:ERROR:process_memory_win.cc(73)] ReadMemory at 0x7ffbb55e0000 of 64 bytes failed: 仅完成部分的 ReadProcessMemory 或 WriteProcessMemory 请求。 (0x12B)
[1119/220638.086:WARNING:pe_image_reader.cc(340)] could not read dos header from C:\Windows\System32\user32.dll
[1119/220638.086:ERROR:process_memory_win.cc(73)] ReadMemory at 0x7ffbb3490000 of 64 bytes failed: 仅完成部分的 ReadProcessMemory 或 WriteProcessMemory 请求。 (0x12B)
[1119/220638.086:WARNING:pe_image_reader.cc(340)] could not read dos header from C:\Windows\System32\win32u.dll
[1119/220638.086:ERROR:process_memory_win.cc(73)] ReadMemory at 0x7ffbb46e0000 of 64 bytes failed: 仅完成部分的 ReadProcessMemory 或 WriteProcessMemory 请求。 (0x12B)
[1119/220638.086:WARNING:pe_image_reader.cc(340)] could not read dos header from C:\Windows\System32\GDI32.dll
[1119/220638.086:ERROR:process_memory_win.cc(73)] ReadMemory at 0x7ffbb43a0000 of 64 bytes failed: 仅完成部分的 ReadProcessMemory 或 WriteProcessMemory 请求。 (0x12B)
[1119/220638.086:WARNING:pe_image_reader.cc(340)] could not read dos header from C:\Windows\System32\gdi32full.dll
[1119/220638.086:ERROR:process_memory_win.cc(73)] ReadMemory at 0x7ffbb4540000 of 64 bytes failed: 仅完成部分的 ReadProcessMemory 或 WriteProcessMemory 请求。 (0x12B)
[1119/220638.086:WARNING:pe_image_reader.cc(340)] could not read dos header from C:\Windows\System32\IMM32.DLL
[1119/220638.086:ERROR:process_memory_win.cc(73)] ReadMemory at 0x7ffb6e910000 of 64 bytes failed: 仅完成部分的 ReadProcessMemory 或 WriteProcessMemory 请求。 (0x12B)
[1119/220638.086:WARNING:pe_image_reader.cc(340)] could not read dos header from C:\Program Files (x86)\Google\Chrome\Application\78.0.3904.97\chrome_child.dll
[1119/220638.086:ERROR:process_memory_win.cc(73)] ReadMemory at 0x7ffbb6da0000 of 64 bytes failed: 仅完成部分的 ReadProcessMemory 或 WriteProcessMemory 请求。 (0x12B)
[1119/220638.086:WARNING:pe_image_reader.cc(340)] could not read dos header from C:\Windows\System32\OLEAUT32.dll
[1119/220638.086:ERROR:process_memory_win.cc(73)] ReadMemory at 0x7ffbb4080000 of 64 bytes failed: 仅完成部分的 ReadProcessMemory 或 WriteProcessMemory 请求。 (0x12B)
[1119/220638.086:WARNING:pe_image_reader.cc(340)] could not read dos header from C:\Windows\System32\msvcp_win.dll
[1119/220638.086:ERROR:process_memory_win.cc(73)] ReadMemory at 0x7ffbb3680000 of 64 bytes failed: 仅完成部分的 ReadProcessMemory 或 WriteProcessMemory 请求。 (0x12B)
[1119/220638.086:WARNING:pe_image_reader.cc(340)] could not read dos header from C:\Windows\System32\ucrtbase.dll
[1119/220638.086:ERROR:process_memory_win.cc(73)] ReadMemory at 0x7ffbb52b0000 of 64 bytes failed: 仅完成部分的 ReadProcessMemory 或 WriteProcessMemory 请求。 (0x12B)
[1119/220638.086:WARNING:pe_image_reader.cc(340)] could not read dos header from C:\Windows\System32\combase.dll
[1119/220638.086:ERROR:process_memory_win.cc(73)] ReadMemory at 0x7ffbb4990000 of 64 bytes failed: 仅完成部分的 ReadProcessMemory 或 WriteProcessMemory 请求。 (0x12B)
[1119/220638.086:WARNING:pe_image_reader.cc(340)] could not read dos header from C:\Windows\System32\WS2_32.dll
[1119/220638.086:ERROR:process_memory_win.cc(73)] ReadMemory at 0x7ffbb42f0000 of 64 bytes failed: 仅完成部分的 ReadProcessMemory 或 WriteProcessMemory 请求。 (0x12B)
[1119/220638.086:WARNING:pe_image_reader.cc(340)] could not read dos header from C:\Windows\System32\WINTRUST.dll
[1119/220638.086:ERROR:process_memory_win.cc(73)] ReadMemory at 0x7ffbb3480000 of 64 bytes failed: 仅完成部分的 ReadProcessMemory 或 WriteProcessMemory 请求。 (0x12B)
[1119/220638.086:WARNING:pe_image_reader.cc(340)] could not read dos header from C:\Windows\System32\MSASN1.dll
[1119/220638.086:ERROR:process_memory_win.cc(73)] ReadMemory at 0x7ffbb34b0000 of 64 bytes failed: 仅完成部分的 ReadProcessMemory 或 WriteProcessMemory 请求。 (0x12B)
[1119/220638.086:WARNING:pe_image_reader.cc(340)] could not read dos header from C:\Windows\System32\CRYPT32.dll
[1119/220638.086:ERROR:process_memory_win.cc(73)] ReadMemory at 0x7ffbb2a20000 of 64 bytes failed: 仅完成部分的 ReadProcessMemory 或 WriteProcessMemory 请求。 (0x12B)
[1119/220638.086:WARNING:pe_image_reader.cc(340)] could not read dos header from C:\Windows\SYSTEM32\IPHLPAPI.DLL
[1119/220638.086:ERROR:process_memory_win.cc(73)] ReadMemory at 0x7ffbb11a0000 of 64 bytes failed: 仅完成部分的 ReadProcessMemory 或 WriteProcessMemory 请求。 (0x12B)
[1119/220638.086:WARNING:pe_image_reader.cc(340)] could not read dos header from C:\Windows\SYSTEM32\WINMM.dll
[1119/220638.086:ERROR:process_memory_win.cc(73)] ReadMemory at 0x7ffbb2b20000 of 64 bytes failed: 仅完成部分的 ReadProcessMemory 或 WriteProcessMemory 请求。 (0x12B)
[1119/220638.086:WARNING:pe_image_reader.cc(340)] could not read dos header from C:\Windows\SYSTEM32\USERENV.dll
[1119/220638.087:ERROR:process_memory_win.cc(73)] ReadMemory at 0x7ffbb3400000 of 64 bytes failed: 仅完成部分的 ReadProcessMemory 或 WriteProcessMemory 请求。 (0x12B)
[1119/220638.087:WARNING:pe_image_reader.cc(340)] could not read dos header from C:\Windows\System32\profapi.dll
[1119/220638.087:ERROR:process_memory_win.cc(73)] ReadMemory at 0x7ffba9530000 of 64 bytes failed: 仅完成部分的 ReadProcessMemory 或 WriteProcessMemory 请求。 (0x12B)
[1119/220638.087:WARNING:pe_image_reader.cc(340)] could not read dos header from C:\Windows\SYSTEM32\DWrite.dll
[1119/220638.087:ERROR:process_memory_win.cc(73)] ReadMemory at 0x7ffba7f40000 of 64 bytes failed: 仅完成部分的 ReadProcessMemory 或 WriteProcessMemory 请求。 (0x12B)
[1119/220638.087:WARNING:pe_image_reader.cc(340)] could not read dos header from C:\Windows\SYSTEM32\WINSPOOL.DRV
[1119/220638.087:ERROR:process_memory_win.cc(73)] ReadMemory at 0x7ffba7640000 of 64 bytes failed: 仅完成部分的 ReadProcessMemory 或 WriteProcessMemory 请求。 (0x12B)
[1119/220638.087:WARNING:pe_image_reader.cc(340)] could not read dos header from C:\Windows\SYSTEM32\dbghelp.dll
[1119/220638.087:ERROR:process_memory_win.cc(73)] ReadMemory at 0x7ffba9db0000 of 64 bytes failed: 仅完成部分的 ReadProcessMemory 或 WriteProcessMemory 请求。 (0x12B)
[1119/220638.087:WARNING:pe_image_reader.cc(340)] could not read dos header from C:\Windows\SYSTEM32\Secur32.dll
[1119/220638.087:ERROR:process_memory_win.cc(73)] ReadMemory at 0x7ffba9dc0000 of 64 bytes failed: 仅完成部分的 ReadProcessMemory 或 WriteProcessMemory 请求。 (0x12B)
[1119/220638.087:WARNING:pe_image_reader.cc(340)] could not read dos header from C:\Windows\SYSTEM32\WINHTTP.dll
[1119/220638.087:ERROR:process_memory_win.cc(73)] ReadMemory at 0x7ffbac1e0000 of 64 bytes failed: 仅完成部分的 ReadProcessMemory 或 WriteProcessMemory 请求。 (0x12B)
[1119/220638.087:WARNING:pe_image_reader.cc(340)] could not read dos header from C:\Windows\SYSTEM32\dhcpcsvc.DLL
[1119/220638.087:ERROR:process_memory_win.cc(73)] ReadMemory at 0x7ffbb46d0000 of 64 bytes failed: 仅完成部分的 ReadProcessMemory 或 WriteProcessMemory 请求。 (0x12B)
[1119/220638.087:WARNING:pe_image_reader.cc(340)] could not read dos header from C:\Windows\System32\NSI.dll
[1119/220638.087:ERROR:process_memory_win.cc(73)] ReadMemory at 0x7ffbb1140000 of 64 bytes failed: 仅完成部分的 ReadProcessMemory 或 WriteProcessMemory 请求。 (0x12B)
[1119/220638.087:WARNING:pe_image_reader.cc(340)] could not read dos header from C:\Windows\SYSTEM32\WINMMBASE.dll
[1119/220638.087:ERROR:process_memory_win.cc(73)] ReadMemory at 0x7ffbb4350000 of 64 bytes failed: 仅完成部分的 ReadProcessMemory 或 WriteProcessMemory 请求。 (0x12B)
[1119/220638.087:WARNING:pe_image_reader.cc(340)] could not read dos header from C:\Windows\System32\cfgmgr32.dll
[1119/220638.087:ERROR:process_memory_win.cc(73)] ReadMemory at 0x7ffbb3340000 of 64 bytes failed: 仅完成部分的 ReadProcessMemory 或 WriteProcessMemory 请求。 (0x12B)
[1119/220638.087:WARNING:pe_image_reader.cc(340)] could not read dos header from C:\Windows\SYSTEM32\bcrypt.dll
[1119/220638.087:ERROR:process_memory_win.cc(73)] ReadMemory at 0x7ffbb3040000 of 64 bytes failed: 仅完成部分的 ReadProcessMemory 或 WriteProcessMemory 请求。 (0x12B)
[1119/220638.087:WARNING:pe_image_reader.cc(340)] could not read dos header from C:\Windows\SYSTEM32\SSPICLI.DLL
[1119/220638.087:ERROR:process_memory_win.cc(73)] ReadMemory at 0x7ffbb5750000 of 64 bytes failed: 仅完成部分的 ReadProcessMemory 或 WriteProcessMemory 请求。 (0x12B)
[1119/220638.087:WARNING:pe_image_reader.cc(340)] could not read dos header from C:\Windows\System32\SHELL32.dll
[1119/220638.087:ERROR:process_memory_win.cc(73)] ReadMemory at 0x7ffbb39a0000 of 64 bytes failed: 仅完成部分的 ReadProcessMemory 或 WriteProcessMemory 请求。 (0x12B)
[1119/220638.087:WARNING:pe_image_reader.cc(340)] could not read dos header from C:\Windows\System32\windows.storage.dll
[1119/220638.087:ERROR:process_memory_win.cc(73)] ReadMemory at 0x7ffbb3420000 of 64 bytes failed: 仅完成部分的 ReadProcessMemory 或 WriteProcessMemory 请求。 (0x12B)
[1119/220638.087:WARNING:pe_image_reader.cc(340)] could not read dos header from C:\Windows\System32\powrprof.dll
[1119/220638.087:ERROR:process_memory_win.cc(73)] ReadMemory at 0x7ffbb5580000 of 64 bytes failed: 仅完成部分的 ReadProcessMemory 或 WriteProcessMemory 请求。 (0x12B)
[1119/220638.087:WARNING:pe_image_reader.cc(340)] could not read dos header from C:\Windows\System32\shlwapi.dll
[1119/220638.087:ERROR:process_memory_win.cc(73)] ReadMemory at 0x7ffbb3470000 of 64 bytes failed: 仅完成部分的 ReadProcessMemory 或 WriteProcessMemory 请求。 (0x12B)
[1119/220638.087:WARNING:pe_image_reader.cc(340)] could not read dos header from C:\Windows\System32\kernel.appcore.dll
[1119/220638.087:ERROR:process_memory_win.cc(73)] ReadMemory at 0x7ffbb4190000 of 64 bytes failed: 仅完成部分的 ReadProcessMemory 或 WriteProcessMemory 请求。 (0x12B)
[1119/220638.087:WARNING:pe_image_reader.cc(340)] could not read dos header from C:\Windows\System32\shcore.dll
[1119/220638.087:ERROR:process_memory_win.cc(73)] ReadMemory at 0x7ffbb6c60000 of 64 bytes failed: 仅完成部分的 ReadProcessMemory 或 WriteProcessMemory 请求。 (0x12B)
[1119/220638.087:WARNING:pe_image_reader.cc(340)] could not read dos header from C:\Windows\System32\ole32.dll
[1119/220638.087:ERROR:process_memory_win.cc(73)] ReadMemory at 0x7ffbb2470000 of 64 bytes failed: 仅完成部分的 ReadProcessMemory 或 WriteProcessMemory 请求。 (0x12B)
[1119/220638.087:WARNING:pe_image_reader.cc(340)] could not read dos header from C:\Windows\SYSTEM32\dxgi.dll
[1119/220638.087:ERROR:process_memory_win.cc(73)] ReadMemory at 0x7ffbb2e60000 of 64 bytes failed: 仅完成部分的 ReadProcessMemory 或 WriteProcessMemory 请求。 (0x12B)
[1119/220638.087:WARNING:pe_image_reader.cc(340)] could not read dos header from C:\Windows\SYSTEM32\CRYPTBASE.DLL
[1119/220638.087:ERROR:process_memory_win.cc(73)] ReadMemory at 0x7ffb88c20000 of 64 bytes failed: 仅完成部分的 ReadProcessMemory 或 WriteProcessMemory 请求。 (0x12B)
[1119/220638.087:WARNING:pe_image_reader.cc(340)] could not read dos header from C:\Windows\SYSTEM32\mf.dll
[1119/220638.087:ERROR:process_memory_win.cc(73)] ReadMemory at 0x7ffba7220000 of 64 bytes failed: 仅完成部分的 ReadProcessMemory 或 WriteProcessMemory 请求。 (0x12B)
[1119/220638.087:WARNING:pe_image_reader.cc(340)] could not read dos header from C:\Windows\SYSTEM32\MFPlat.DLL
[1119/220638.087:ERROR:process_memory_win.cc(73)] ReadMemory at 0x7ffba7390000 of 64 bytes failed: 仅完成部分的 ReadProcessMemory 或 WriteProcessMemory 请求。 (0x12B)
[1119/220638.087:WARNING:pe_image_reader.cc(340)] could not read dos header from C:\Windows\SYSTEM32\RTWorkQ.DLL
[1119/220638.087:ERROR:process_memory_win.cc(73)] ReadMemory at 0x7ffb9fdd0000 of 64 bytes failed: 仅完成部分的 ReadProcessMemory 或 WriteProcessMemory 请求。 (0x12B)
[1119/220638.087:WARNING:pe_image_reader.cc(340)] could not read dos header from C:\Windows\SYSTEM32\msmpeg2vdec.dll
[1119/220638.087:ERROR:process_memory_win.cc(73)] ReadMemory at 0x7ffb9fca0000 of 64 bytes failed: 仅完成部分的 ReadProcessMemory 或 WriteProcessMemory 请求。 (0x12B)
[1119/220638.088:WARNING:pe_image_reader.cc(340)] could not read dos header from C:\Windows\SYSTEM32\mfperfhelper.dll
[1119/220638.088:ERROR:process_memory_win.cc(73)] ReadMemory at 0x7ffbb2e40000 of 64 bytes failed: 仅完成部分的 ReadProcessMemory 或 WriteProcessMemory 请求。 (0x12B)
[1119/220638.088:WARNING:pe_image_reader.cc(340)] could not read dos header from C:\Windows\SYSTEM32\cryptsp.dll
[1119/220638.088:ERROR:process_memory_win.cc(73)] ReadMemory at 0x7ffbb11d0000 of 64 bytes failed: 仅完成部分的 ReadProcessMemory 或 WriteProcessMemory 请求。 (0x12B)
[1119/220638.088:WARNING:pe_image_reader.cc(340)] could not read dos header from C:\Windows\SYSTEM32\dxva2.dll
[1119/220638.088:ERROR:process_memory_win.cc(73)] ReadMemory at 0x7ffba1600000 of 64 bytes failed: 仅完成部分的 ReadProcessMemory 或 WriteProcessMemory 请求。 (0x12B)
[1119/220638.088:WARNING:pe_image_reader.cc(340)] could not read dos header from C:\Windows\SYSTEM32\msvproc.dll
[1119/220638.088:ERROR:process_memory_win.cc(73)] ReadMemory at 0x7ffb83200000 of 64 bytes failed: 仅完成部分的 ReadProcessMemory 或 WriteProcessMemory 请求。 (0x12B)
[1119/220638.088:WARNING:pe_image_reader.cc(340)] could not read dos header from C:\Windows\SYSTEM32\D3DCompiler_47.dll
[1119/220638.088:ERROR:process_memory_win.cc(73)] ReadMemory at 0x7ffb746c0000 of 64 bytes failed: 仅完成部分的 ReadProcessMemory 或 WriteProcessMemory 请求。 (0x12B)
[1119/220638.088:WARNING:pe_image_reader.cc(340)] could not read dos header from C:\Program Files (x86)\Google\Chrome\Application\78.0.3904.97\libglesv2.dll
[1119/220638.088:ERROR:process_memory_win.cc(73)] ReadMemory at 0x7ffbb4aa0000 of 64 bytes failed: 仅完成部分的 ReadProcessMemory 或 WriteProcessMemory 请求。 (0x12B)
[1119/220638.088:WARNING:pe_image_reader.cc(340)] could not read dos header from C:\Windows\System32\SETUPAPI.dll
[1119/220638.088:ERROR:process_memory_win.cc(73)] ReadMemory at 0x7ffba2120000 of 64 bytes failed: 仅完成部分的 ReadProcessMemory 或 WriteProcessMemory 请求。 (0x12B)
[1119/220638.088:WARNING:pe_image_reader.cc(340)] could not read dos header from C:\Program Files (x86)\Google\Chrome\Application\78.0.3904.97\libegl.dll
[1119/220638.088:ERROR:process_memory_win.cc(73)] ReadMemory at 0x7ffbb1490000 of 64 bytes failed: 仅完成部分的 ReadProcessMemory 或 WriteProcessMemory 请求。 (0x12B)
[1119/220638.088:WARNING:pe_image_reader.cc(340)] could not read dos header from C:\Windows\SYSTEM32\dwmapi.dll
[1119/220638.088:ERROR:process_memory_win.cc(73)] ReadMemory at 0x7ffbb03d0000 of 64 bytes failed: 仅完成部分的 ReadProcessMemory 或 WriteProcessMemory 请求。 (0x12B)
[1119/220638.088:WARNING:pe_image_reader.cc(340)] could not read dos header from C:\Windows\SYSTEM32\d3d11.dll
[1119/220638.088:ERROR:process_memory_win.cc(73)] ReadMemory at 0x7ffbb15a0000 of 64 bytes failed: 仅完成部分的 ReadProcessMemory 或 WriteProcessMemory 请求。 (0x12B)
[1119/220638.088:WARNING:pe_image_reader.cc(340)] could not read dos header from C:\Windows\SYSTEM32\dcomp.dll
[1119/220638.088:ERROR:process_memory_win.cc(73)] ReadMemory at 0x7ffbaeb20000 of 64 bytes failed: 仅完成部分的 ReadProcessMemory 或 WriteProcessMemory 请求。 (0x12B)
[1119/220638.088:WARNING:pe_image_reader.cc(340)] could not read dos header from C:\Windows\System32\DriverStore\FileRepository\ki127171.inf_amd64_368f8c7337214025\igd10iumd64.dll
[1119/220638.088:ERROR:process_memory_win.cc(73)] ReadMemory at 0x7ffbb2f20000 of 64 bytes failed: 仅完成部分的 ReadProcessMemory 或 WriteProcessMemory 请求。 (0x12B)
[1119/220638.088:WARNING:pe_image_reader.cc(340)] could not read dos header from C:\Windows\SYSTEM32\ncrypt.dll
[1119/220638.088:ERROR:process_memory_win.cc(73)] ReadMemory at 0x7ffbb2ee0000 of 64 bytes failed: 仅完成部分的 ReadProcessMemory 或 WriteProcessMemory 请求。 (0x12B)
[1119/220638.088:WARNING:pe_image_reader.cc(340)] could not read dos header from C:\Windows\SYSTEM32\NTASN1.dll
[1119/220638.088:ERROR:process_memory_win.cc(73)] ReadMemory at 0x7ffbacbe0000 of 64 bytes failed: 仅完成部分的 ReadProcessMemory 或 WriteProcessMemory 请求。 (0x12B)
[1119/220638.088:WARNING:pe_image_reader.cc(340)] could not read dos header from C:\Windows\System32\DriverStore\FileRepository\ki127171.inf_amd64_368f8c7337214025\igc64.dll
[1119/220638.088:ERROR:process_memory_win.cc(73)] ReadMemory at 0x7ffb6b950000 of 64 bytes failed: 仅完成部分的 ReadProcessMemory 或 WriteProcessMemory 请求。 (0x12B)
[1119/220638.088:WARNING:pe_image_reader.cc(340)] could not read dos header from C:\Windows\System32\DriverStore\FileRepository\ki127171.inf_amd64_368f8c7337214025\igd11dxva64.dll
[1119/220638.088:ERROR:process_memory_win.cc(73)] ReadMemory at 0x7ffbb4a00000 of 64 bytes failed: 仅完成部分的 ReadProcessMemory 或 WriteProcessMemory 请求。 (0x12B)
[1119/220638.088:WARNING:pe_image_reader.cc(340)] could not read dos header from C:\Windows\System32\clbcatq.dll
[1119/220638.088:ERROR:process_memory_win.cc(73)] ReadMemory at 0x7ffb9f3f0000 of 64 bytes failed: 仅完成部分的 ReadProcessMemory 或 WriteProcessMemory 请求。 (0x12B)
[1119/220638.088:WARNING:pe_image_reader.cc(340)] could not read dos header from C:\Windows\System32\mfh264enc.dll
[1119/220638.088:ERROR:process_memory_win.cc(73)] ReadMemory at 0x7ffbb1bf0000 of 64 bytes failed: 仅完成部分的 ReadProcessMemory 或 WriteProcessMemory 请求。 (0x12B)
[1119/220638.088:WARNING:pe_image_reader.cc(340)] could not read dos header from C:\Windows\system32\uxtheme.dll
[1119/220638.088:ERROR:process_memory_win.cc(73)] ReadMemory at 0x2a005750000 of 64 bytes failed: 仅完成部分的 ReadProcessMemory 或 WriteProcessMemory 请求。 (0x12B)
[1119/220638.088:WARNING:pe_image_reader.cc(340)] could not read dos header from C:\Windows\System32\MSCTF.dll
[1119/220638.088:ERROR:process_memory_win.cc(73)] ReadMemory at 0x7ff6a2bf0000 of 64 bytes failed: 仅完成部分的 ReadProcessMemory 或 WriteProcessMemory 请求。 (0x12B)
[1119/220638.088:WARNING:pe_image_reader.cc(340)] could not read dos header from C:\Program Files (x86)\Google\Chrome\Application\chrome.exe
[1119/220638.088:ERROR:process_memory_win.cc(73)] ReadMemory at 0x7ffbb6f90000 of 64 bytes failed: 仅完成部分的 ReadProcessMemory 或 WriteProcessMemory 请求。 (0x12B)
[1119/220638.088:WARNING:pe_image_reader.cc(340)] could not read dos header from C:\Windows\SYSTEM32\ntdll.dll
[1119/220638.088:ERROR:process_memory_win.cc(73)] ReadMemory at 0x7ffbb4780000 of 64 bytes failed: 仅完成部分的 ReadProcessMemory 或 WriteProcessMemory 请求。 (0x12B)
[1119/220638.088:WARNING:pe_image_reader.cc(340)] could not read dos header from C:\Windows\System32\KERNEL32.DLL
[1119/220638.088:ERROR:process_memory_win.cc(73)] ReadMemory at 0x7ffbb3780000 of 64 bytes failed: 仅完成部分的 ReadProcessMemory 或 WriteProcessMemory 请求。 (0x12B)
[1119/220638.088:WARNING:pe_image_reader.cc(340)] could not read dos header from C:\Windows\System32\KERNELBASE.dll
[1119/220638.088:ERROR:process_memory_win.cc(73)] ReadMemory at 0x7ffb85710000 of 64 bytes failed: 仅完成部分的 ReadProcessMemory 或 WriteProcessMemory 请求。 (0x12B)
[1119/220638.088:WARNING:pe_image_reader.cc(340)] could not read dos header from C:\Program Files (x86)\Google\Chrome\Application\78.0.3904.97\chrome_elf.dll
[1119/220638.088:ERROR:process_memory_win.cc(73)] ReadMemory at 0x7ffba55d0000 of 64 bytes failed: 仅完成部分的 ReadProcessMemory 或 WriteProcessMemory 请求。 (0x12B)
[1119/220638.089:WARNING:pe_image_reader.cc(340)] could not read dos header from C:\Windows\SYSTEM32\VERSION.dll
[1119/220638.089:ERROR:process_memory_win.cc(73)] ReadMemory at 0x7ffbb6ef0000 of 64 bytes failed: 仅完成部分的 ReadProcessMemory 或 WriteProcessMemory 请求。 (0x12B)
[1119/220638.089:WARNING:pe_image_reader.cc(340)] could not read dos header from C:\Windows\System32\msvcrt.dll
[1119/220638.089:ERROR:process_memory_win.cc(73)] ReadMemory at 0x7ffbb4120000 of 64 bytes failed: 仅完成部分的 ReadProcessMemory 或 WriteProcessMemory 请求。 (0x12B)
[1119/220638.089:WARNING:pe_image_reader.cc(340)] could not read dos header from C:\Windows\System32\bcryptPrimitives.dll
[1119/220638.089:ERROR:process_memory_win.cc(73)] ReadMemory at 0x7ffbb5200000 of 64 bytes failed: 仅完成部分的 ReadProcessMemory 或 WriteProcessMemory 请求。 (0x12B)
[1119/220638.089:WARNING:pe_image_reader.cc(340)] could not read dos header from C:\Windows\System32\ADVAPI32.dll
[1119/220638.089:ERROR:process_memory_win.cc(73)] ReadMemory at 0x7ffbb4720000 of 64 bytes failed: 仅完成部分的 ReadProcessMemory 或 WriteProcessMemory 请求。 (0x12B)
[1119/220638.089:WARNING:pe_image_reader.cc(340)] could not read dos header from C:\Windows\System32\sechost.dll
[1119/220638.089:ERROR:process_memory_win.cc(73)] ReadMemory at 0x7ffbb4ed0000 of 64 bytes failed: 仅完成部分的 ReadProcessMemory 或 WriteProcessMemory 请求。 (0x12B)
[1119/220638.089:WARNING:pe_image_reader.cc(340)] could not read dos header from C:\Windows\System32\RPCRT4.dll
[1119/220638.089:ERROR:process_memory_win.cc(73)] ReadMemory at 0x7ffbb55e0000 of 64 bytes failed: 仅完成部分的 ReadProcessMemory 或 WriteProcessMemory 请求。 (0x12B)
[1119/220638.089:WARNING:pe_image_reader.cc(340)] could not read dos header from C:\Windows\System32\user32.dll
[1119/220638.089:ERROR:process_memory_win.cc(73)] ReadMemory at 0x7ffbb3490000 of 64 bytes failed: 仅完成部分的 ReadProcessMemory 或 WriteProcessMemory 请求。 (0x12B)
[1119/220638.089:WARNING:pe_image_reader.cc(340)] could not read dos header from C:\Windows\System32\win32u.dll
[1119/220638.089:ERROR:process_memory_win.cc(73)] ReadMemory at 0x7ffbb46e0000 of 64 bytes failed: 仅完成部分的 ReadProcessMemory 或 WriteProcessMemory 请求。 (0x12B)
[1119/220638.089:WARNING:pe_image_reader.cc(340)] could not read dos header from C:\Windows\System32\GDI32.dll
[1119/220638.089:ERROR:process_memory_win.cc(73)] ReadMemory at 0x7ffbb43a0000 of 64 bytes failed: 仅完成部分的 ReadProcessMemory 或 WriteProcessMemory 请求。 (0x12B)
[1119/220638.089:WARNING:pe_image_reader.cc(340)] could not read dos header from C:\Windows\System32\gdi32full.dll
[1119/220638.089:ERROR:process_memory_win.cc(73)] ReadMemory at 0x7ffbb4540000 of 64 bytes failed: 仅完成部分的 ReadProcessMemory 或 WriteProcessMemory 请求。 (0x12B)
[1119/220638.089:WARNING:pe_image_reader.cc(340)] could not read dos header from C:\Windows\System32\IMM32.DLL
[1119/220638.089:ERROR:process_memory_win.cc(73)] ReadMemory at 0x7ffb6e910000 of 64 bytes failed: 仅完成部分的 ReadProcessMemory 或 WriteProcessMemory 请求。 (0x12B)
[1119/220638.089:WARNING:pe_image_reader.cc(340)] could not read dos header from C:\Program Files (x86)\Google\Chrome\Application\78.0.3904.97\chrome_child.dll
[1119/220638.089:ERROR:process_memory_win.cc(73)] ReadMemory at 0x7ffbb6da0000 of 64 bytes failed: 仅完成部分的 ReadProcessMemory 或 WriteProcessMemory 请求。 (0x12B)
[1119/220638.089:WARNING:pe_image_reader.cc(340)] could not read dos header from C:\Windows\System32\OLEAUT32.dll
[1119/220638.089:ERROR:process_memory_win.cc(73)] ReadMemory at 0x7ffbb4080000 of 64 bytes failed: 仅完成部分的 ReadProcessMemory 或 WriteProcessMemory 请求。 (0x12B)
[1119/220638.089:WARNING:pe_image_reader.cc(340)] could not read dos header from C:\Windows\System32\msvcp_win.dll
[1119/220638.089:ERROR:process_memory_win.cc(73)] ReadMemory at 0x7ffbb3680000 of 64 bytes failed: 仅完成部分的 ReadProcessMemory 或 WriteProcessMemory 请求。 (0x12B)
[1119/220638.089:WARNING:pe_image_reader.cc(340)] could not read dos header from C:\Windows\System32\ucrtbase.dll
[1119/220638.089:ERROR:process_memory_win.cc(73)] ReadMemory at 0x7ffbb52b0000 of 64 bytes failed: 仅完成部分的 ReadProcessMemory 或 WriteProcessMemory 请求。 (0x12B)
[1119/220638.089:WARNING:pe_image_reader.cc(340)] could not read dos header from C:\Windows\System32\combase.dll
[1119/220638.089:ERROR:process_memory_win.cc(73)] ReadMemory at 0x7ffbb4990000 of 64 bytes failed: 仅完成部分的 ReadProcessMemory 或 WriteProcessMemory 请求。 (0x12B)
[1119/220638.089:WARNING:pe_image_reader.cc(340)] could not read dos header from C:\Windows\System32\WS2_32.dll
[1119/220638.089:ERROR:process_memory_win.cc(73)] ReadMemory at 0x7ffbb42f0000 of 64 bytes failed: 仅完成部分的 ReadProcessMemory 或 WriteProcessMemory 请求。 (0x12B)
[1119/220638.089:WARNING:pe_image_reader.cc(340)] could not read dos header from C:\Windows\System32\WINTRUST.dll
[1119/220638.089:ERROR:process_memory_win.cc(73)] ReadMemory at 0x7ffbb3480000 of 64 bytes failed: 仅完成部分的 ReadProcessMemory 或 WriteProcessMemory 请求。 (0x12B)
[1119/220638.089:WARNING:pe_image_reader.cc(340)] could not read dos header from C:\Windows\System32\MSASN1.dll
[1119/220638.089:ERROR:process_memory_win.cc(73)] ReadMemory at 0x7ffbb34b0000 of 64 bytes failed: 仅完成部分的 ReadProcessMemory 或 WriteProcessMemory 请求。 (0x12B)
[1119/220638.089:WARNING:pe_image_reader.cc(340)] could not read dos header from C:\Windows\System32\CRYPT32.dll
[1119/220638.089:ERROR:process_memory_win.cc(73)] ReadMemory at 0x7ffbb2a20000 of 64 bytes failed: 仅完成部分的 ReadProcessMemory 或 WriteProcessMemory 请求。 (0x12B)
[1119/220638.089:WARNING:pe_image_reader.cc(340)] could not read dos header from C:\Windows\SYSTEM32\IPHLPAPI.DLL
[1119/220638.089:ERROR:process_memory_win.cc(73)] ReadMemory at 0x7ffbb11a0000 of 64 bytes failed: 仅完成部分的 ReadProcessMemory 或 WriteProcessMemory 请求。 (0x12B)
[1119/220638.089:WARNING:pe_image_reader.cc(340)] could not read dos header from C:\Windows\SYSTEM32\WINMM.dll
[1119/220638.089:ERROR:process_memory_win.cc(73)] ReadMemory at 0x7ffbb2b20000 of 64 bytes failed: 仅完成部分的 ReadProcessMemory 或 WriteProcessMemory 请求。 (0x12B)
[1119/220638.089:WARNING:pe_image_reader.cc(340)] could not read dos header from C:\Windows\SYSTEM32\USERENV.dll
[1119/220638.089:ERROR:process_memory_win.cc(73)] ReadMemory at 0x7ffbb3400000 of 64 bytes failed: 仅完成部分的 ReadProcessMemory 或 WriteProcessMemory 请求。 (0x12B)
[1119/220638.089:WARNING:pe_image_reader.cc(340)] could not read dos header from C:\Windows\System32\profapi.dll
[1119/220638.089:ERROR:process_memory_win.cc(73)] ReadMemory at 0x7ffba9530000 of 64 bytes failed: 仅完成部分的 ReadProcessMemory 或 WriteProcessMemory 请求。 (0x12B)
[1119/220638.089:WARNING:pe_image_reader.cc(340)] could not read dos header from C:\Windows\SYSTEM32\DWrite.dll
[1119/220638.089:ERROR:process_memory_win.cc(73)] ReadMemory at 0x7ffba7f40000 of 64 bytes failed: 仅完成部分的 ReadProcessMemory 或 WriteProcessMemory 请求。 (0x12B)
[1119/220638.089:WARNING:pe_image_reader.cc(340)] could not read dos header from C:\Windows\SYSTEM32\WINSPOOL.DRV
[1119/220638.089:ERROR:process_memory_win.cc(73)] ReadMemory at 0x7ffba7640000 of 64 bytes failed: 仅完成部分的 ReadProcessMemory 或 WriteProcessMemory 请求。 (0x12B)
[1119/220638.089:WARNING:pe_image_reader.cc(340)] could not read dos header from C:\Windows\SYSTEM32\dbghelp.dll
[1119/220638.090:ERROR:process_memory_win.cc(73)] ReadMemory at 0x7ffba9db0000 of 64 bytes failed: 仅完成部分的 ReadProcessMemory 或 WriteProcessMemory 请求。 (0x12B)
[1119/220638.090:WARNING:pe_image_reader.cc(340)] could not read dos header from C:\Windows\SYSTEM32\Secur32.dll
[1119/220638.090:ERROR:process_memory_win.cc(73)] ReadMemory at 0x7ffba9dc0000 of 64 bytes failed: 仅完成部分的 ReadProcessMemory 或 WriteProcessMemory 请求。 (0x12B)
[1119/220638.090:WARNING:pe_image_reader.cc(340)] could not read dos header from C:\Windows\SYSTEM32\WINHTTP.dll
[1119/220638.090:ERROR:process_memory_win.cc(73)] ReadMemory at 0x7ffbac1e0000 of 64 bytes failed: 仅完成部分的 ReadProcessMemory 或 WriteProcessMemory 请求。 (0x12B)
[1119/220638.090:WARNING:pe_image_reader.cc(340)] could not read dos header from C:\Windows\SYSTEM32\dhcpcsvc.DLL
[1119/220638.090:ERROR:process_memory_win.cc(73)] ReadMemory at 0x7ffbb46d0000 of 64 bytes failed: 仅完成部分的 ReadProcessMemory 或 WriteProcessMemory 请求。 (0x12B)
[1119/220638.090:WARNING:pe_image_reader.cc(340)] could not read dos header from C:\Windows\System32\NSI.dll
[1119/220638.090:ERROR:process_memory_win.cc(73)] ReadMemory at 0x7ffbb1140000 of 64 bytes failed: 仅完成部分的 ReadProcessMemory 或 WriteProcessMemory 请求。 (0x12B)
[1119/220638.090:WARNING:pe_image_reader.cc(340)] could not read dos header from C:\Windows\SYSTEM32\WINMMBASE.dll
[1119/220638.090:ERROR:process_memory_win.cc(73)] ReadMemory at 0x7ffbb4350000 of 64 bytes failed: 仅完成部分的 ReadProcessMemory 或 WriteProcessMemory 请求。 (0x12B)
[1119/220638.090:WARNING:pe_image_reader.cc(340)] could not read dos header from C:\Windows\System32\cfgmgr32.dll
[1119/220638.090:ERROR:process_memory_win.cc(73)] ReadMemory at 0x7ffbb3340000 of 64 bytes failed: 仅完成部分的 ReadProcessMemory 或 WriteProcessMemory 请求。 (0x12B)
[1119/220638.090:WARNING:pe_image_reader.cc(340)] could not read dos header from C:\Windows\SYSTEM32\bcrypt.dll
[1119/220638.090:ERROR:process_memory_win.cc(73)] ReadMemory at 0x7ffbb3040000 of 64 bytes failed: 仅完成部分的 ReadProcessMemory 或 WriteProcessMemory 请求。 (0x12B)
[1119/220638.090:WARNING:pe_image_reader.cc(340)] could not read dos header from C:\Windows\SYSTEM32\SSPICLI.DLL
[1119/220638.090:ERROR:process_memory_win.cc(73)] ReadMemory at 0x7ffbb5750000 of 64 bytes failed: 仅完成部分的 ReadProcessMemory 或 WriteProcessMemory 请求。 (0x12B)
[1119/220638.090:WARNING:pe_image_reader.cc(340)] could not read dos header from C:\Windows\System32\SHELL32.dll
[1119/220638.090:ERROR:process_memory_win.cc(73)] ReadMemory at 0x7ffbb39a0000 of 64 bytes failed: 仅完成部分的 ReadProcessMemory 或 WriteProcessMemory 请求。 (0x12B)
[1119/220638.090:WARNING:pe_image_reader.cc(340)] could not read dos header from C:\Windows\System32\windows.storage.dll
[1119/220638.090:ERROR:process_memory_win.cc(73)] ReadMemory at 0x7ffbb3420000 of 64 bytes failed: 仅完成部分的 ReadProcessMemory 或 WriteProcessMemory 请求。 (0x12B)
[1119/220638.090:WARNING:pe_image_reader.cc(340)] could not read dos header from C:\Windows\System32\powrprof.dll
[1119/220638.090:ERROR:process_memory_win.cc(73)] ReadMemory at 0x7ffbb5580000 of 64 bytes failed: 仅完成部分的 ReadProcessMemory 或 WriteProcessMemory 请求。 (0x12B)
[1119/220638.090:WARNING:pe_image_reader.cc(340)] could not read dos header from C:\Windows\System32\shlwapi.dll
[1119/220638.090:ERROR:process_memory_win.cc(73)] ReadMemory at 0x7ffbb3470000 of 64 bytes failed: 仅完成部分的 ReadProcessMemory 或 WriteProcessMemory 请求。 (0x12B)
[1119/220638.090:WARNING:pe_image_reader.cc(340)] could not read dos header from C:\Windows\System32\kernel.appcore.dll
[1119/220638.090:ERROR:process_memory_win.cc(73)] ReadMemory at 0x7ffbb4190000 of 64 bytes failed: 仅完成部分的 ReadProcessMemory 或 WriteProcessMemory 请求。 (0x12B)
[1119/220638.090:WARNING:pe_image_reader.cc(340)] could not read dos header from C:\Windows\System32\shcore.dll
[1119/220638.090:ERROR:process_memory_win.cc(73)] ReadMemory at 0x7ffbb6c60000 of 64 bytes failed: 仅完成部分的 ReadProcessMemory 或 WriteProcessMemory 请求。 (0x12B)
[1119/220638.090:WARNING:pe_image_reader.cc(340)] could not read dos header from C:\Windows\System32\ole32.dll
[1119/220638.090:ERROR:process_memory_win.cc(73)] ReadMemory at 0x7ffbb2470000 of 64 bytes failed: 仅完成部分的 ReadProcessMemory 或 WriteProcessMemory 请求。 (0x12B)
[1119/220638.090:WARNING:pe_image_reader.cc(340)] could not read dos header from C:\Windows\SYSTEM32\dxgi.dll
[1119/220638.090:ERROR:process_memory_win.cc(73)] ReadMemory at 0x7ffbb2e60000 of 64 bytes failed: 仅完成部分的 ReadProcessMemory 或 WriteProcessMemory 请求。 (0x12B)
[1119/220638.090:WARNING:pe_image_reader.cc(340)] could not read dos header from C:\Windows\SYSTEM32\CRYPTBASE.DLL
[1119/220638.090:ERROR:process_memory_win.cc(73)] ReadMemory at 0x7ffb88c20000 of 64 bytes failed: 仅完成部分的 ReadProcessMemory 或 WriteProcessMemory 请求。 (0x12B)
[1119/220638.090:WARNING:pe_image_reader.cc(340)] could not read dos header from C:\Windows\SYSTEM32\mf.dll
[1119/220638.090:ERROR:process_memory_win.cc(73)] ReadMemory at 0x7ffba7220000 of 64 bytes failed: 仅完成部分的 ReadProcessMemory 或 WriteProcessMemory 请求。 (0x12B)
[1119/220638.090:WARNING:pe_image_reader.cc(340)] could not read dos header from C:\Windows\SYSTEM32\MFPlat.DLL
[1119/220638.090:ERROR:process_memory_win.cc(73)] ReadMemory at 0x7ffba7390000 of 64 bytes failed: 仅完成部分的 ReadProcessMemory 或 WriteProcessMemory 请求。 (0x12B)
[1119/220638.090:WARNING:pe_image_reader.cc(340)] could not read dos header from C:\Windows\SYSTEM32\RTWorkQ.DLL
[1119/220638.090:ERROR:process_memory_win.cc(73)] ReadMemory at 0x7ffb9fdd0000 of 64 bytes failed: 仅完成部分的 ReadProcessMemory 或 WriteProcessMemory 请求。 (0x12B)
[1119/220638.090:WARNING:pe_image_reader.cc(340)] could not read dos header from C:\Windows\SYSTEM32\msmpeg2vdec.dll
[1119/220638.090:ERROR:process_memory_win.cc(73)] ReadMemory at 0x7ffb9fca0000 of 64 bytes failed: 仅完成部分的 ReadProcessMemory 或 WriteProcessMemory 请求。 (0x12B)
[1119/220638.090:WARNING:pe_image_reader.cc(340)] could not read dos header from C:\Windows\SYSTEM32\mfperfhelper.dll
[1119/220638.091:ERROR:process_memory_win.cc(73)] ReadMemory at 0x7ffbb2e40000 of 64 bytes failed: 仅完成部分的 ReadProcessMemory 或 WriteProcessMemory 请求。 (0x12B)
[1119/220638.091:WARNING:pe_image_reader.cc(340)] could not read dos header from C:\Windows\SYSTEM32\cryptsp.dll
[1119/220638.091:ERROR:process_memory_win.cc(73)] ReadMemory at 0x7ffbb11d0000 of 64 bytes failed: 仅完成部分的 ReadProcessMemory 或 WriteProcessMemory 请求。 (0x12B)
[1119/220638.091:WARNING:pe_image_reader.cc(340)] could not read dos header from C:\Windows\SYSTEM32\dxva2.dll
[1119/220638.091:ERROR:process_memory_win.cc(73)] ReadMemory at 0x7ffba1600000 of 64 bytes failed: 仅完成部分的 ReadProcessMemory 或 WriteProcessMemory 请求。 (0x12B)
[1119/220638.091:WARNING:pe_image_reader.cc(340)] could not read dos header from C:\Windows\SYSTEM32\msvproc.dll
[1119/220638.091:ERROR:process_memory_win.cc(73)] ReadMemory at 0x7ffb83200000 of 64 bytes failed: 仅完成部分的 ReadProcessMemory 或 WriteProcessMemory 请求。 (0x12B)
[1119/220638.091:WARNING:pe_image_reader.cc(340)] could not read dos header from C:\Windows\SYSTEM32\D3DCompiler_47.dll
[1119/220638.091:ERROR:process_memory_win.cc(73)] ReadMemory at 0x7ffb746c0000 of 64 bytes failed: 仅完成部分的 ReadProcessMemory 或 WriteProcessMemory 请求。 (0x12B)
[1119/220638.091:WARNING:pe_image_reader.cc(340)] could not read dos header from C:\Program Files (x86)\Google\Chrome\Application\78.0.3904.97\libglesv2.dll
[1119/220638.091:ERROR:process_memory_win.cc(73)] ReadMemory at 0x7ffbb4aa0000 of 64 bytes failed: 仅完成部分的 ReadProcessMemory 或 WriteProcessMemory 请求。 (0x12B)
[1119/220638.091:WARNING:pe_image_reader.cc(340)] could not read dos header from C:\Windows\System32\SETUPAPI.dll
[1119/220638.091:ERROR:process_memory_win.cc(73)] ReadMemory at 0x7ffba2120000 of 64 bytes failed: 仅完成部分的 ReadProcessMemory 或 WriteProcessMemory 请求。 (0x12B)
[1119/220638.091:WARNING:pe_image_reader.cc(340)] could not read dos header from C:\Program Files (x86)\Google\Chrome\Application\78.0.3904.97\libegl.dll
[1119/220638.091:ERROR:process_memory_win.cc(73)] ReadMemory at 0x7ffbb1490000 of 64 bytes failed: 仅完成部分的 ReadProcessMemory 或 WriteProcessMemory 请求。 (0x12B)
[1119/220638.091:WARNING:pe_image_reader.cc(340)] could not read dos header from C:\Windows\SYSTEM32\dwmapi.dll
[1119/220638.091:ERROR:process_memory_win.cc(73)] ReadMemory at 0x7ffbb03d0000 of 64 bytes failed: 仅完成部分的 ReadProcessMemory 或 WriteProcessMemory 请求。 (0x12B)
[1119/220638.091:WARNING:pe_image_reader.cc(340)] could not read dos header from C:\Windows\SYSTEM32\d3d11.dll
[1119/220638.091:ERROR:process_memory_win.cc(73)] ReadMemory at 0x7ffbb15a0000 of 64 bytes failed: 仅完成部分的 ReadProcessMemory 或 WriteProcessMemory 请求。 (0x12B)
[1119/220638.091:WARNING:pe_image_reader.cc(340)] could not read dos header from C:\Windows\SYSTEM32\dcomp.dll
[1119/220638.091:ERROR:process_memory_win.cc(73)] ReadMemory at 0x7ffbaeb20000 of 64 bytes failed: 仅完成部分的 ReadProcessMemory 或 WriteProcessMemory 请求。 (0x12B)
[1119/220638.091:WARNING:pe_image_reader.cc(340)] could not read dos header from C:\Windows\System32\DriverStore\FileRepository\ki127171.inf_amd64_368f8c7337214025\igd10iumd64.dll
[1119/220638.091:ERROR:process_memory_win.cc(73)] ReadMemory at 0x7ffbb2f20000 of 64 bytes failed: 仅完成部分的 ReadProcessMemory 或 WriteProcessMemory 请求。 (0x12B)
[1119/220638.091:WARNING:pe_image_reader.cc(340)] could not read dos header from C:\Windows\SYSTEM32\ncrypt.dll
[1119/220638.091:ERROR:process_memory_win.cc(73)] ReadMemory at 0x7ffbb2ee0000 of 64 bytes failed: 仅完成部分的 ReadProcessMemory 或 WriteProcessMemory 请求。 (0x12B)
[1119/220638.091:WARNING:pe_image_reader.cc(340)] could not read dos header from C:\Windows\SYSTEM32\NTASN1.dll
[1119/220638.091:ERROR:process_memory_win.cc(73)] ReadMemory at 0x7ffbacbe0000 of 64 bytes failed: 仅完成部分的 ReadProcessMemory 或 WriteProcessMemory 请求。 (0x12B)
[1119/220638.091:WARNING:pe_image_reader.cc(340)] could not read dos header from C:\Windows\System32\DriverStore\FileRepository\ki127171.inf_amd64_368f8c7337214025\igc64.dll
[1119/220638.091:ERROR:process_memory_win.cc(73)] ReadMemory at 0x7ffb6b950000 of 64 bytes failed: 仅完成部分的 ReadProcessMemory 或 WriteProcessMemory 请求。 (0x12B)
[1119/220638.091:WARNING:pe_image_reader.cc(340)] could not read dos header from C:\Windows\System32\DriverStore\FileRepository\ki127171.inf_amd64_368f8c7337214025\igd11dxva64.dll
[1119/220638.091:ERROR:process_memory_win.cc(73)] ReadMemory at 0x7ffbb4a00000 of 64 bytes failed: 仅完成部分的 ReadProcessMemory 或 WriteProcessMemory 请求。 (0x12B)
[1119/220638.091:WARNING:pe_image_reader.cc(340)] could not read dos header from C:\Windows\System32\clbcatq.dll
[1119/220638.091:ERROR:process_memory_win.cc(73)] ReadMemory at 0x7ffb9f3f0000 of 64 bytes failed: 仅完成部分的 ReadProcessMemory 或 WriteProcessMemory 请求。 (0x12B)
[1119/220638.091:WARNING:pe_image_reader.cc(340)] could not read dos header from C:\Windows\System32\mfh264enc.dll
[1119/220638.091:ERROR:process_memory_win.cc(73)] ReadMemory at 0x7ffbb1bf0000 of 64 bytes failed: 仅完成部分的 ReadProcessMemory 或 WriteProcessMemory 请求。 (0x12B)
[1119/220638.092:WARNING:pe_image_reader.cc(340)] could not read dos header from C:\Windows\system32\uxtheme.dll
[1119/220638.092:ERROR:process_memory_win.cc(73)] ReadMemory at 0x2a005750000 of 64 bytes failed: 仅完成部分的 ReadProcessMemory 或 WriteProcessMemory 请求。 (0x12B)
[1119/220638.092:WARNING:pe_image_reader.cc(340)] could not read dos header from C:\Windows\System32\MSCTF.dll
[1119/220638.100:ERROR:process_memory_win.cc(73)] ReadMemory at 0xe1fcff7000 of 36864 bytes failed: 仅完成部分的 ReadProcessMemory 或 WriteProcessMemory 请求。 (0x12B)
[1119/220638.100:ERROR:process_memory_win.cc(73)] ReadMemory at 0xe1fd7fd000 of 12288 bytes failed: 仅完成部分的 ReadProcessMemory 或 WriteProcessMemory 请求。 (0x12B)
[1119/220638.100:ERROR:process_memory_win.cc(73)] ReadMemory at 0xe1fdffd000 of 12288 bytes failed: 仅完成部分的 ReadProcessMemory 或 WriteProcessMemory 请求。 (0x12B)
[1119/220638.101:ERROR:process_memory_win.cc(73)] ReadMemory at 0xe1fe7fd000 of 12288 bytes failed: 仅完成部分的 ReadProcessMemory 或 WriteProcessMemory 请求。 (0x12B)
[1119/220638.101:ERROR:process_memory_win.cc(73)] ReadMemory at 0xe1feffd000 of 12288 bytes failed: 仅完成部分的 ReadProcessMemory 或 WriteProcessMemory 请求。 (0x12B)
[1119/220638.101:ERROR:process_memory_win.cc(73)] ReadMemory at 0xe1ff7fb000 of 20480 bytes failed: 仅完成部分的 ReadProcessMemory 或 WriteProcessMemory 请求。 (0x12B)
[1119/220638.101:ERROR:process_memory_win.cc(73)] ReadMemory at 0xe1ffffe000 of 8192 bytes failed: 仅完成部分的 ReadProcessMemory 或 WriteProcessMemory 请求。 (0x12B)
[1119/220638.101:ERROR:process_memory_win.cc(73)] ReadMemory at 0xe1807fb000 of 20480 bytes failed: 仅完成部分的 ReadProcessMemory 或 WriteProcessMemory 请求。 (0x12B)
[1119/220638.101:ERROR:process_memory_win.cc(73)] ReadMemory at 0xe185ffc000 of 16384 bytes failed: 仅完成部分的 ReadProcessMemory 或 WriteProcessMemory 请求。 (0x12B)
[1119/220638.101:ERROR:process_memory_win.cc(73)] ReadMemory at 0xe18eff9000 of 28672 bytes failed: 仅完成部分的 ReadProcessMemory 或 WriteProcessMemory 请求。 (0x12B)
[1119/220638.101:ERROR:process_memory_win.cc(73)] ReadMemory at 0xe191ffe000 of 8192 bytes failed: 仅完成部分的 ReadProcessMemory 或 WriteProcessMemory 请求。 (0x12B)
[1119/220638.101:ERROR:process_memory_win.cc(73)] ReadMemory at 0xe194fff000 of 4096 bytes failed: 仅完成部分的 ReadProcessMemory 或 WriteProcessMemory 请求。 (0x12B)
[1119/220638.101:ERROR:process_memory_win.cc(73)] ReadMemory at 0xe1fc6e8000 of 852 bytes failed: 仅完成部分的 ReadProcessMemory 或 WriteProcessMemory 请求。 (0x12B)
[1119/220638.101:ERROR:process_memory_win.cc(73)] ReadMemory at 0xe1fc6e9000 of 6024 bytes failed: 仅完成部分的 ReadProcessMemory 或 WriteProcessMemory 请求。 (0x12B)
[1119/220638.101:ERROR:process_memory_win.cc(73)] ReadMemory at 0xe1fc6eb000 of 6024 bytes failed: 仅完成部分的 ReadProcessMemory 或 WriteProcessMemory 请求。 (0x12B)
[1119/220638.101:ERROR:process_memory_win.cc(73)] ReadMemory at 0xe1fc6ed000 of 6024 bytes failed: 仅完成部分的 ReadProcessMemory 或 WriteProcessMemory 请求。 (0x12B)
[1119/220638.102:ERROR:process_memory_win.cc(73)] ReadMemory at 0xe1fc6ef000 of 6024 bytes failed: 仅完成部分的 ReadProcessMemory 或 WriteProcessMemory 请求。 (0x12B)
[1119/220638.102:ERROR:process_memory_win.cc(73)] ReadMemory at 0xe1fc6f1000 of 6024 bytes failed: 仅完成部分的 ReadProcessMemory 或 WriteProcessMemory 请求。 (0x12B)
[1119/220638.102:ERROR:process_memory_win.cc(73)] ReadMemory at 0xe1fc6f3000 of 6024 bytes failed: 仅完成部分的 ReadProcessMemory 或 WriteProcessMemory 请求。 (0x12B)
[1119/220638.102:ERROR:process_memory_win.cc(73)] ReadMemory at 0xe1fc6f5000 of 6024 bytes failed: 仅完成部分的 ReadProcessMemory 或 WriteProcessMemory 请求。 (0x12B)
[1119/220638.102:ERROR:process_memory_win.cc(73)] ReadMemory at 0xe1fc6f7000 of 6024 bytes failed: 仅完成部分的 ReadProcessMemory 或 WriteProcessMemory 请求。 (0x12B)
[1119/220638.102:ERROR:process_memory_win.cc(73)] ReadMemory at 0xe1fc70d000 of 6024 bytes failed: 仅完成部分的 ReadProcessMemory 或 WriteProcessMemory 请求。 (0x12B)
[1119/220638.102:ERROR:process_memory_win.cc(73)] ReadMemory at 0xe1fc731000 of 6024 bytes failed: 仅完成部分的 ReadProcessMemory 或 WriteProcessMemory 请求。 (0x12B)
[1119/220638.102:ERROR:process_memory_win.cc(73)] ReadMemory at 0xe1fc73d000 of 6024 bytes failed: 仅完成部分的 ReadProcessMemory 或 WriteProcessMemory 请求。 (0x12B)
[1119/220638.102:ERROR:process_memory_win.cc(73)] ReadMemory at 0xe1fc749000 of 6024 bytes failed: 仅完成部分的 ReadProcessMemory 或 WriteProcessMemory 请求。 (0x12B)
[1119/220638.102:ERROR:process_memory_win.cc(73)] ReadMemory at 0x2a00013b000 of 512 bytes failed: 仅完成部分的 ReadProcessMemory 或 WriteProcessMemory 请求。 (0x12B)
[1119/220638.102:ERROR:process_memory_win.cc(73)] ReadMemory at 0x2a000150f80 of 512 bytes failed: 仅完成部分的 ReadProcessMemory 或 WriteProcessMemory 请求。 (0x12B)
[1119/220638.102:ERROR:process_memory_win.cc(73)] ReadMemory at 0x2a000167250 of 512 bytes failed: 仅完成部分的 ReadProcessMemory 或 WriteProcessMemory 请求。 (0x12B)
[1119/220638.102:ERROR:process_memory_win.cc(73)] ReadMemory at 0x2a0001a8510 of 512 bytes failed: 仅完成部分的 ReadProcessMemory 或 WriteProcessMemory 请求。 (0x12B)
[1119/220638.102:ERROR:process_memory_win.cc(73)] ReadMemory at 0x2a0001e7570 of 512 bytes failed: 仅完成部分的 ReadProcessMemory 或 WriteProcessMemory 请求。 (0x12B)
[1119/220638.102:ERROR:process_memory_win.cc(73)] ReadMemory at 0x2a0001e7880 of 512 bytes failed: 仅完成部分的 ReadProcessMemory 或 WriteProcessMemory 请求。 (0x12B)
[1119/220638.102:ERROR:process_memory_win.cc(73)] ReadMemory at 0x2a004f70000 of 384 bytes failed: 仅完成部分的 ReadProcessMemory 或 WriteProcessMemory 请求。 (0x12B)
[1119/220638.102:ERROR:process_memory_win.cc(73)] ReadMemory at 0x2a004f90c20 of 512 bytes failed: 仅完成部分的 ReadProcessMemory 或 WriteProcessMemory 请求。 (0x12B)
[1119/220638.102:ERROR:process_memory_win.cc(73)] ReadMemory at 0x2a004f9bcc0 of 512 bytes failed: 仅完成部分的 ReadProcessMemory 或 WriteProcessMemory 请求。 (0x12B)
[1119/220638.103:ERROR:process_memory_win.cc(73)] ReadMemory at 0x2a004fbc200 of 62 bytes failed: 仅完成部分的 ReadProcessMemory 或 WriteProcessMemory 请求。 (0x12B)
[1119/220638.103:ERROR:process_memory_win.cc(73)] ReadMemory at 0x2a004feb4e0 of 512 bytes failed: 仅完成部分的 ReadProcessMemory 或 WriteProcessMemory 请求。 (0x12B)
[1119/220638.103:ERROR:process_memory_win.cc(73)] ReadMemory at 0x2a005c93570 of 512 bytes failed: 仅完成部分的 ReadProcessMemory 或 WriteProcessMemory 请求。 (0x12B)
[1119/220638.103:ERROR:process_memory_win.cc(73)] ReadMemory at 0x2a005c938f0 of 512 bytes failed: 仅完成部分的 ReadProcessMemory 或 WriteProcessMemory 请求。 (0x12B)
[1119/220638.103:ERROR:process_memory_win.cc(73)] ReadMemory at 0x2a00612ad88 of 512 bytes failed: 仅完成部分的 ReadProcessMemory 或 WriteProcessMemory 请求。 (0x12B)
[1119/220638.103:ERROR:process_memory_win.cc(73)] ReadMemory at 0x2a006723150 of 512 bytes failed: 仅完成部分的 ReadProcessMemory 或 WriteProcessMemory 请求。 (0x12B)
[1119/220638.103:ERROR:process_memory_win.cc(73)] ReadMemory at 0x2a0068a4790 of 512 bytes failed: 仅完成部分的 ReadProcessMemory 或 WriteProcessMemory 请求。 (0x12B)
[1119/220638.103:ERROR:process_memory_win.cc(73)] ReadMemory at 0x2a07b320284 of 512 bytes failed: 仅完成部分的 ReadProcessMemory 或 WriteProcessMemory 请求。 (0x12B)
[1119/220638.103:ERROR:process_memory_win.cc(73)] ReadMemory at 0x2a07b320ae0 of 512 bytes failed: 仅完成部分的 ReadProcessMemory 或 WriteProcessMemory 请求。 (0x12B)
[1119/220638.103:ERROR:process_memory_win.cc(73)] ReadMemory at 0x2a07b320dd0 of 4370 bytes failed: 仅完成部分的 ReadProcessMemory 或 WriteProcessMemory 请求。 (0x12B)
[1119/220638.103:ERROR:process_memory_win.cc(73)] ReadMemory at 0x2a07b321ef0 of 1012 bytes failed: 仅完成部分的 ReadProcessMemory 或 WriteProcessMemory 请求。 (0x12B)
[1119/220638.103:ERROR:process_memory_win.cc(73)] ReadMemory at 0x2a07b322508 of 118 bytes failed: 仅完成部分的 ReadProcessMemory 或 WriteProcessMemory 请求。 (0x12B)
[1119/220638.103:ERROR:process_memory_win.cc(73)] ReadMemory at 0x2a07b322580 of 1278 bytes failed: 仅完成部分的 ReadProcessMemory 或 WriteProcessMemory 请求。 (0x12B)
[1119/220638.103:ERROR:process_memory_win.cc(73)] ReadMemory at 0x2a07b322a80 of 118 bytes failed: 仅完成部分的 ReadProcessMemory 或 WriteProcessMemory 请求。 (0x12B)
[1119/220638.103:ERROR:process_memory_win.cc(73)] ReadMemory at 0x2a07b322b10 of 58 bytes failed: 仅完成部分的 ReadProcessMemory 或 WriteProcessMemory 请求。 (0x12B)
[1119/220638.103:ERROR:process_memory_win.cc(73)] ReadMemory at 0x2a07b322c10 of 132 bytes failed: 仅完成部分的 ReadProcessMemory 或 WriteProcessMemory 请求。 (0x12B)
[1119/220638.103:ERROR:process_memory_win.cc(73)] ReadMemory at 0x2a07b322da0 of 132 bytes failed: 仅完成部分的 ReadProcessMemory 或 WriteProcessMemory 请求。 (0x12B)
[1119/220638.103:ERROR:process_memory_win.cc(73)] ReadMemory at 0x2a07b323310 of 132 bytes failed: 仅完成部分的 ReadProcessMemory 或 WriteProcessMemory 请求。 (0x12B)
[1119/220638.103:ERROR:process_memory_win.cc(73)] ReadMemory at 0x2a07b3234a0 of 64 bytes failed: 仅完成部分的 ReadProcessMemory 或 WriteProcessMemory 请求。 (0x12B)
[1119/220638.103:ERROR:process_memory_win.cc(73)] ReadMemory at 0x2a07b3235a0 of 132 bytes failed: 仅完成部分的 ReadProcessMemory 或 WriteProcessMemory 请求。 (0x12B)
[1119/220638.103:ERROR:process_memory_win.cc(73)] ReadMemory at 0x2a07b3237e0 of 132 bytes failed: 仅完成部分的 ReadProcessMemory 或 WriteProcessMemory 请求。 (0x12B)
[1119/220638.103:ERROR:process_memory_win.cc(73)] ReadMemory at 0x2a07b323970 of 68 bytes failed: 仅完成部分的 ReadProcessMemory 或 WriteProcessMemory 请求。 (0x12B)
[1119/220638.103:ERROR:process_memory_win.cc(73)] ReadMemory at 0x2a07b3246c0 of 132 bytes failed: 仅完成部分的 ReadProcessMemory 或 WriteProcessMemory 请求。 (0x12B)
[1119/220638.103:ERROR:process_memory_win.cc(73)] ReadMemory at 0x2a07b3247f0 of 156 bytes failed: 仅完成部分的 ReadProcessMemory 或 WriteProcessMemory 请求。 (0x12B)
[1119/220638.103:ERROR:process_memory_win.cc(73)] ReadMemory at 0x2a07b3248b0 of 132 bytes failed: 仅完成部分的 ReadProcessMemory 或 WriteProcessMemory 请求。 (0x12B)
[1119/220638.103:ERROR:process_memory_win.cc(73)] ReadMemory at 0x2a07b3249e0 of 152 bytes failed: 仅完成部分的 ReadProcessMemory 或 WriteProcessMemory 请求。 (0x12B)
[1119/220638.103:ERROR:process_memory_win.cc(73)] ReadMemory at 0x2a07b325500 of 132 bytes failed: 仅完成部分的 ReadProcessMemory 或 WriteProcessMemory 请求。 (0x12B)
[1119/220638.103:ERROR:process_memory_win.cc(73)] ReadMemory at 0x2a07b325680 of 60 bytes failed: 仅完成部分的 ReadProcessMemory 或 WriteProcessMemory 请求。 (0x12B)
[1119/220638.104:ERROR:process_memory_win.cc(73)] ReadMemory at 0x2a07b325720 of 62 bytes failed: 仅完成部分的 ReadProcessMemory 或 WriteProcessMemory 请求。 (0x12B)
[1119/220638.104:ERROR:process_memory_win.cc(73)] ReadMemory at 0x2a07b3258f0 of 132 bytes failed: 仅完成部分的 ReadProcessMemory 或 WriteProcessMemory 请求。 (0x12B)
[1119/220638.104:ERROR:process_memory_win.cc(73)] ReadMemory at 0x2a07b329bf0 of 132 bytes failed: 仅完成部分的 ReadProcessMemory 或 WriteProcessMemory 请求。 (0x12B)
[1119/220638.104:ERROR:process_memory_win.cc(73)] ReadMemory at 0x2a07b32a040 of 132 bytes failed: 仅完成部分的 ReadProcessMemory 或 WriteProcessMemory 请求。 (0x12B)
[1119/220638.104:ERROR:process_memory_win.cc(73)] ReadMemory at 0x2a07b32a1d0 of 80 bytes failed: 仅完成部分的 ReadProcessMemory 或 WriteProcessMemory 请求。 (0x12B)
[1119/220638.104:ERROR:process_memory_win.cc(73)] ReadMemory at 0x2a07b32a320 of 66 bytes failed: 仅完成部分的 ReadProcessMemory 或 WriteProcessMemory 请求。 (0x12B)
[1119/220638.104:ERROR:process_memory_win.cc(73)] ReadMemory at 0x2a07b32a3c0 of 62 bytes failed: 仅完成部分的 ReadProcessMemory 或 WriteProcessMemory 请求。 (0x12B)
[1119/220638.104:ERROR:process_memory_win.cc(73)] ReadMemory at 0x2a07b32a410 of 58 bytes failed: 仅完成部分的 ReadProcessMemory 或 WriteProcessMemory 请求。 (0x12B)
[1119/220638.104:ERROR:process_memory_win.cc(73)] ReadMemory at 0x2a07b32a460 of 60 bytes failed: 仅完成部分的 ReadProcessMemory 或 WriteProcessMemory 请求。 (0x12B)
[1119/220638.104:ERROR:process_memory_win.cc(73)] ReadMemory at 0x2a07b32a4b0 of 64 bytes failed: 仅完成部分的 ReadProcessMemory 或 WriteProcessMemory 请求。 (0x12B)
[1119/220638.104:ERROR:process_memory_win.cc(73)] ReadMemory at 0x2a07b32a500 of 60 bytes failed: 仅完成部分的 ReadProcessMemory 或 WriteProcessMemory 请求。 (0x12B)
[1119/220638.104:ERROR:process_memory_win.cc(73)] ReadMemory at 0x2a07b32a550 of 64 bytes failed: 仅完成部分的 ReadProcessMemory 或 WriteProcessMemory 请求。 (0x12B)
[1119/220638.104:ERROR:process_memory_win.cc(73)] ReadMemory at 0x2a07b32a5a0 of 58 bytes failed: 仅完成部分的 ReadProcessMemory 或 WriteProcessMemory 请求。 (0x12B)
[1119/220638.104:ERROR:process_memory_win.cc(73)] ReadMemory at 0x2a07b32a5f0 of 62 bytes failed: 仅完成部分的 ReadProcessMemory 或 WriteProcessMemory 请求。 (0x12B)
[1119/220638.104:ERROR:process_memory_win.cc(73)] ReadMemory at 0x2a07b32a640 of 60 bytes failed: 仅完成部分的 ReadProcessMemory 或 WriteProcessMemory 请求。 (0x12B)
[1119/220638.104:ERROR:process_memory_win.cc(73)] ReadMemory at 0x2a07b32a690 of 66 bytes failed: 仅完成部分的 ReadProcessMemory 或 WriteProcessMemory 请求。 (0x12B)
[1119/220638.104:ERROR:process_memory_win.cc(73)] ReadMemory at 0x2a07b32a6e0 of 60 bytes failed: 仅完成部分的 ReadProcessMemory 或 WriteProcessMemory 请求。 (0x12B)
[1119/220638.104:ERROR:process_memory_win.cc(73)] ReadMemory at 0x2a07b32a730 of 64 bytes failed: 仅完成部分的 ReadProcessMemory 或 WriteProcessMemory 请求。 (0x12B)
[1119/220638.104:ERROR:process_memory_win.cc(73)] ReadMemory at 0x2a07b32a780 of 58 bytes failed: 仅完成部分的 ReadProcessMemory 或 WriteProcessMemory 请求。 (0x12B)
[1119/220638.104:ERROR:process_memory_win.cc(73)] ReadMemory at 0x2a07b32a7d0 of 60 bytes failed: 仅完成部分的 ReadProcessMemory 或 WriteProcessMemory 请求。 (0x12B)
[1119/220638.105:ERROR:process_memory_win.cc(73)] ReadMemory at 0x2a07b32a820 of 64 bytes failed: 仅完成部分的 ReadProcessMemory 或 WriteProcessMemory 请求。 (0x12B)
[1119/220638.105:ERROR:process_memory_win.cc(73)] ReadMemory at 0x2a07b32a870 of 62 bytes failed: 仅完成部分的 ReadProcessMemory 或 WriteProcessMemory 请求。 (0x12B)
[1119/220638.105:ERROR:process_memory_win.cc(73)] ReadMemory at 0x2a07b32a8c0 of 64 bytes failed: 仅完成部分的 ReadProcessMemory 或 WriteProcessMemory 请求。 (0x12B)
[1119/220638.105:ERROR:process_memory_win.cc(73)] ReadMemory at 0x2a07b32a910 of 60 bytes failed: 仅完成部分的 ReadProcessMemory 或 WriteProcessMemory 请求。 (0x12B)
[1119/220638.105:ERROR:process_memory_win.cc(73)] ReadMemory at 0x2a07b32a960 of 62 bytes failed: 仅完成部分的 ReadProcessMemory 或 WriteProcessMemory 请求。 (0x12B)
[1119/220638.105:ERROR:process_memory_win.cc(73)] ReadMemory at 0x2a07b32a9b0 of 64 bytes failed: 仅完成部分的 ReadProcessMemory 或 WriteProcessMemory 请求。 (0x12B)
[1119/220638.105:ERROR:process_memory_win.cc(73)] ReadMemory at 0x2a07b32aa00 of 62 bytes failed: 仅完成部分的 ReadProcessMemory 或 WriteProcessMemory 请求。 (0x12B)
[1119/220638.105:ERROR:process_memory_win.cc(73)] ReadMemory at 0x2a07b32aa50 of 62 bytes failed: 仅完成部分的 ReadProcessMemory 或 WriteProcessMemory 请求。 (0x12B)
[1119/220638.105:ERROR:process_memory_win.cc(73)] ReadMemory at 0x2a07b32b770 of 52 bytes failed: 仅完成部分的 ReadProcessMemory 或 WriteProcessMemory 请求。 (0x12B)
[1119/220638.105:ERROR:process_memory_win.cc(73)] ReadMemory at 0x2a07b32bf40 of 132 bytes failed: 仅完成部分的 ReadProcessMemory 或 WriteProcessMemory 请求。 (0x12B)
[1119/220638.105:ERROR:process_memory_win.cc(73)] ReadMemory at 0x2a07b32c070 of 132 bytes failed: 仅完成部分的 ReadProcessMemory 或 WriteProcessMemory 请求。 (0x12B)
[1119/220638.105:ERROR:process_memory_win.cc(73)] ReadMemory at 0x2a07b32c1a0 of 132 bytes failed: 仅完成部分的 ReadProcessMemory 或 WriteProcessMemory 请求。 (0x12B)
[1119/220638.105:ERROR:process_memory_win.cc(73)] ReadMemory at 0x2a07b32c2d0 of 132 bytes failed: 仅完成部分的 ReadProcessMemory 或 WriteProcessMemory 请求。 (0x12B)
[1119/220638.105:ERROR:process_memory_win.cc(73)] ReadMemory at 0x2a07b32c400 of 132 bytes failed: 仅完成部分的 ReadProcessMemory 或 WriteProcessMemory 请求。 (0x12B)
[1119/220638.105:ERROR:process_memory_win.cc(73)] ReadMemory at 0x2a07b32c530 of 132 bytes failed: 仅完成部分的 ReadProcessMemory 或 WriteProcessMemory 请求。 (0x12B)
[1119/220638.105:ERROR:process_memory_win.cc(73)] ReadMemory at 0x2a07b32c660 of 132 bytes failed: 仅完成部分的 ReadProcessMemory 或 WriteProcessMemory 请求。 (0x12B)
[1119/220638.105:ERROR:process_memory_win.cc(73)] ReadMemory at 0x2a07b32c790 of 132 bytes failed: 仅完成部分的 ReadProcessMemory 或 WriteProcessMemory 请求。 (0x12B)
[1119/220638.105:ERROR:process_memory_win.cc(73)] ReadMemory at 0x2a07b32c8c0 of 132 bytes failed: 仅完成部分的 ReadProcessMemory 或 WriteProcessMemory 请求。 (0x12B)
[1119/220638.105:ERROR:process_memory_win.cc(73)] ReadMemory at 0x2a07b32c9f0 of 132 bytes failed: 仅完成部分的 ReadProcessMemory 或 WriteProcessMemory 请求。 (0x12B)
[1119/220638.105:ERROR:process_memory_win.cc(73)] ReadMemory at 0x2a07b32cb20 of 132 bytes failed: 仅完成部分的 ReadProcessMemory 或 WriteProcessMemory 请求。 (0x12B)
[1119/220638.105:ERROR:process_memory_win.cc(73)] ReadMemory at 0x2a07b32cc50 of 132 bytes failed: 仅完成部分的 ReadProcessMemory 或 WriteProcessMemory 请求。 (0x12B)
[1119/220638.106:ERROR:process_memory_win.cc(73)] ReadMemory at 0x2a07b32cd80 of 132 bytes failed: 仅完成部分的 ReadProcessMemory 或 WriteProcessMemory 请求。 (0x12B)
[1119/220638.106:ERROR:process_memory_win.cc(73)] ReadMemory at 0x2a07b32deb0 of 132 bytes failed: 仅完成部分的 ReadProcessMemory 或 WriteProcessMemory 请求。 (0x12B)
[1119/220638.106:ERROR:process_memory_win.cc(73)] ReadMemory at 0x2a07b32dfe0 of 132 bytes failed: 仅完成部分的 ReadProcessMemory 或 WriteProcessMemory 请求。 (0x12B)
[1119/220638.106:ERROR:process_memory_win.cc(73)] ReadMemory at 0x2a07b32e3d0 of 132 bytes failed: 仅完成部分的 ReadProcessMemory 或 WriteProcessMemory 请求。 (0x12B)
[1119/220638.106:ERROR:process_memory_win.cc(73)] ReadMemory at 0x2a07b32e500 of 132 bytes failed: 仅完成部分的 ReadProcessMemory 或 WriteProcessMemory 请求。 (0x12B)
[1119/220638.106:ERROR:process_memory_win.cc(73)] ReadMemory at 0x2a07b32ed60 of 132 bytes failed: 仅完成部分的 ReadProcessMemory 或 WriteProcessMemory 请求。 (0x12B)
[1119/220638.106:ERROR:process_memory_win.cc(73)] ReadMemory at 0x2a07b32ee90 of 132 bytes failed: 仅完成部分的 ReadProcessMemory 或 WriteProcessMemory 请求。 (0x12B)
[1119/220638.106:ERROR:process_memory_win.cc(73)] ReadMemory at 0x2a07b32f370 of 54 bytes failed: 仅完成部分的 ReadProcessMemory 或 WriteProcessMemory 请求。 (0x12B)
[1119/220638.106:ERROR:process_memory_win.cc(73)] ReadMemory at 0x2a07b332fb0 of 132 bytes failed: 仅完成部分的 ReadProcessMemory 或 WriteProcessMemory 请求。 (0x12B)
[1119/220638.106:ERROR:process_memory_win.cc(73)] ReadMemory at 0x2a07b3330e0 of 132 bytes failed: 仅完成部分的 ReadProcessMemory 或 WriteProcessMemory 请求。 (0x12B)
[1119/220638.106:ERROR:process_memory_win.cc(73)] ReadMemory at 0x2a07b333210 of 132 bytes failed: 仅完成部分的 ReadProcessMemory 或 WriteProcessMemory 请求。 (0x12B)
[1119/220638.106:ERROR:process_memory_win.cc(73)] ReadMemory at 0x2a07b333340 of 132 bytes failed: 仅完成部分的 ReadProcessMemory 或 WriteProcessMemory 请求。 (0x12B)
[1119/220638.106:ERROR:process_memory_win.cc(73)] ReadMemory at 0x2a07b333470 of 132 bytes failed: 仅完成部分的 ReadProcessMemory 或 WriteProcessMemory 请求。 (0x12B)
[1119/220638.106:ERROR:process_memory_win.cc(73)] ReadMemory at 0x2a07b3335a0 of 132 bytes failed: 仅完成部分的 ReadProcessMemory 或 WriteProcessMemory 请求。 (0x12B)
[1119/220638.106:ERROR:process_memory_win.cc(73)] ReadMemory at 0x2a07b3336d0 of 132 bytes failed: 仅完成部分的 ReadProcessMemory 或 WriteProcessMemory 请求。 (0x12B)
[1119/220638.106:ERROR:process_memory_win.cc(73)] ReadMemory at 0x2a07b333800 of 132 bytes failed: 仅完成部分的 ReadProcessMemory 或 WriteProcessMemory 请求。 (0x12B)
[1119/220638.106:ERROR:process_memory_win.cc(73)] ReadMemory at 0x2a07b333930 of 132 bytes failed: 仅完成部分的 ReadProcessMemory 或 WriteProcessMemory 请求。 (0x12B)
[1119/220638.106:ERROR:process_memory_win.cc(73)] ReadMemory at 0x2a07b333a60 of 132 bytes failed: 仅完成部分的 ReadProcessMemory 或 WriteProcessMemory 请求。 (0x12B)
[1119/220638.106:ERROR:process_memory_win.cc(73)] ReadMemory at 0x2a07b333b90 of 132 bytes failed: 仅完成部分的 ReadProcessMemory 或 WriteProcessMemory 请求。 (0x12B)
[1119/220638.106:ERROR:process_memory_win.cc(73)] ReadMemory at 0x2a07b333cc0 of 132 bytes failed: 仅完成部分的 ReadProcessMemory 或 WriteProcessMemory 请求。 (0x12B)
[1119/220638.106:ERROR:process_memory_win.cc(73)] ReadMemory at 0x2a07b333df0 of 132 bytes failed: 仅完成部分的 ReadProcessMemory 或 WriteProcessMemory 请求。 (0x12B)
[1119/220638.106:ERROR:process_memory_win.cc(73)] ReadMemory at 0x2a07b333f20 of 132 bytes failed: 仅完成部分的 ReadProcessMemory 或 WriteProcessMemory 请求。 (0x12B)
[1119/220638.106:ERROR:process_memory_win.cc(73)] ReadMemory at 0x2a07b334050 of 132 bytes failed: 仅完成部分的 ReadProcessMemory 或 WriteProcessMemory 请求。 (0x12B)
[1119/220638.106:ERROR:process_memory_win.cc(73)] ReadMemory at 0x2a07b334180 of 132 bytes failed: 仅完成部分的 ReadProcessMemory 或 WriteProcessMemory 请求。 (0x12B)
[1119/220638.106:ERROR:process_memory_win.cc(73)] ReadMemory at 0x2a07b3342b0 of 132 bytes failed: 仅完成部分的 ReadProcessMemory 或 WriteProcessMemory 请求。 (0x12B)
[1119/220638.106:ERROR:process_memory_win.cc(73)] ReadMemory at 0x2a07b3343e0 of 132 bytes failed: 仅完成部分的 ReadProcessMemory 或 WriteProcessMemory 请求。 (0x12B)
[1119/220638.106:ERROR:process_memory_win.cc(73)] ReadMemory at 0x2a07b334510 of 132 bytes failed: 仅完成部分的 ReadProcessMemory 或 WriteProcessMemory 请求。 (0x12B)
[1119/220638.106:ERROR:process_memory_win.cc(73)] ReadMemory at 0x2a07b334640 of 132 bytes failed: 仅完成部分的 ReadProcessMemory 或 WriteProcessMemory 请求。 (0x12B)
[1119/220638.106:ERROR:process_memory_win.cc(73)] ReadMemory at 0x2a07b334770 of 132 bytes failed: 仅完成部分的 ReadProcessMemory 或 WriteProcessMemory 请求。 (0x12B)
[1119/220638.107:ERROR:process_memory_win.cc(73)] ReadMemory at 0x2a07b3348a0 of 132 bytes failed: 仅完成部分的 ReadProcessMemory 或 WriteProcessMemory 请求。 (0x12B)
[1119/220638.107:ERROR:process_memory_win.cc(73)] ReadMemory at 0x2a07b3349d0 of 132 bytes failed: 仅完成部分的 ReadProcessMemory 或 WriteProcessMemory 请求。 (0x12B)
[1119/220638.107:ERROR:process_memory_win.cc(73)] ReadMemory at 0x2a07b334b00 of 132 bytes failed: 仅完成部分的 ReadProcessMemory 或 WriteProcessMemory 请求。 (0x12B)
[1119/220638.107:ERROR:process_memory_win.cc(73)] ReadMemory at 0x2a07b334c30 of 132 bytes failed: 仅完成部分的 ReadProcessMemory 或 WriteProcessMemory 请求。 (0x12B)
[1119/220638.107:ERROR:process_memory_win.cc(73)] ReadMemory at 0x2a07b334d60 of 132 bytes failed: 仅完成部分的 ReadProcessMemory 或 WriteProcessMemory 请求。 (0x12B)
[1119/220638.107:ERROR:process_memory_win.cc(73)] ReadMemory at 0x2a07b335560 of 76 bytes failed: 仅完成部分的 ReadProcessMemory 或 WriteProcessMemory 请求。 (0x12B)
[1119/220638.107:ERROR:process_memory_win.cc(73)] ReadMemory at 0x2a07b3355c0 of 76 bytes failed: 仅完成部分的 ReadProcessMemory 或 WriteProcessMemory 请求。 (0x12B)
[1119/220638.107:ERROR:process_memory_win.cc(73)] ReadMemory at 0x2a07b3356e0 of 72 bytes failed: 仅完成部分的 ReadProcessMemory 或 WriteProcessMemory 请求。 (0x12B)
[1119/220638.107:ERROR:process_memory_win.cc(73)] ReadMemory at 0x2a07b335e60 of 78 bytes failed: 仅完成部分的 ReadProcessMemory 或 WriteProcessMemory 请求。 (0x12B)
[1119/220638.107:ERROR:process_memory_win.cc(73)] ReadMemory at 0x2a07b336110 of 62 bytes failed: 仅完成部分的 ReadProcessMemory 或 WriteProcessMemory 请求。 (0x12B)
[1119/220638.107:ERROR:process_memory_win.cc(73)] ReadMemory at 0x2a07b336200 of 60 bytes failed: 仅完成部分的 ReadProcessMemory 或 WriteProcessMemory 请求。 (0x12B)
[1119/220638.107:ERROR:process_memory_win.cc(73)] ReadMemory at 0x2a07b336340 of 62 bytes failed: 仅完成部分的 ReadProcessMemory 或 WriteProcessMemory 请求。 (0x12B)
[1119/220638.107:ERROR:process_memory_win.cc(73)] ReadMemory at 0x2a07b336480 of 64 bytes failed: 仅完成部分的 ReadProcessMemory 或 WriteProcessMemory 请求。 (0x12B)
[1119/220638.107:ERROR:process_memory_win.cc(73)] ReadMemory at 0x2a07b336890 of 62 bytes failed: 仅完成部分的 ReadProcessMemory 或 WriteProcessMemory 请求。 (0x12B)
[1119/220638.107:ERROR:process_memory_win.cc(73)] ReadMemory at 0x2a07b336a70 of 62 bytes failed: 仅完成部分的 ReadProcessMemory 或 WriteProcessMemory 请求。 (0x12B)
[1119/220638.107:ERROR:process_memory_win.cc(73)] ReadMemory at 0x2a07b336bb0 of 62 bytes failed: 仅完成部分的 ReadProcessMemory 或 WriteProcessMemory 请求。 (0x12B)
[1119/220638.107:ERROR:process_memory_win.cc(73)] ReadMemory at 0x2a07b336c50 of 66 bytes failed: 仅完成部分的 ReadProcessMemory 或 WriteProcessMemory 请求。 (0x12B)
[1119/220638.107:ERROR:process_memory_win.cc(73)] ReadMemory at 0x2a07b336de0 of 64 bytes failed: 仅完成部分的 ReadProcessMemory 或 WriteProcessMemory 请求。 (0x12B)
[1119/220638.107:ERROR:process_memory_win.cc(73)] ReadMemory at 0x2a07b336e30 of 64 bytes failed: 仅完成部分的 ReadProcessMemory 或 WriteProcessMemory 请求。 (0x12B)
[1119/220638.107:ERROR:process_memory_win.cc(73)] ReadMemory at 0x2a07b336e80 of 60 bytes failed: 仅完成部分的 ReadProcessMemory 或 WriteProcessMemory 请求。 (0x12B)
[1119/220638.107:ERROR:process_memory_win.cc(73)] ReadMemory at 0x2a07b346ce0 of 56 bytes failed: 仅完成部分的 ReadProcessMemory 或 WriteProcessMemory 请求。 (0x12B)
[1119/220638.107:ERROR:process_memory_win.cc(73)] ReadMemory at 0x2a07b346d80 of 60 bytes failed: 仅完成部分的 ReadProcessMemory 或 WriteProcessMemory 请求。 (0x12B)
[1119/220638.107:ERROR:process_memory_win.cc(73)] ReadMemory at 0x2a07b346ec0 of 62 bytes failed: 仅完成部分的 ReadProcessMemory 或 WriteProcessMemory 请求。 (0x12B)
[1119/220638.107:ERROR:process_memory_win.cc(73)] ReadMemory at 0x2a07b347230 of 58 bytes failed: 仅完成部分的 ReadProcessMemory 或 WriteProcessMemory 请求。 (0x12B)
[1119/220638.107:ERROR:process_memory_win.cc(73)] ReadMemory at 0x2a07b347280 of 62 bytes failed: 仅完成部分的 ReadProcessMemory 或 WriteProcessMemory 请求。 (0x12B)
[1119/220638.108:ERROR:process_memory_win.cc(73)] ReadMemory at 0x2a07b347460 of 70 bytes failed: 仅完成部分的 ReadProcessMemory 或 WriteProcessMemory 请求。 (0x12B)
[1119/220638.108:ERROR:process_memory_win.cc(73)] ReadMemory at 0x2a07b347640 of 62 bytes failed: 仅完成部分的 ReadProcessMemory 或 WriteProcessMemory 请求。 (0x12B)
[1119/220638.108:ERROR:process_memory_win.cc(73)] ReadMemory at 0x2a07b347960 of 58 bytes failed: 仅完成部分的 ReadProcessMemory 或 WriteProcessMemory 请求。 (0x12B)
[1119/220638.108:ERROR:process_memory_win.cc(73)] ReadMemory at 0x2a07b347af0 of 66 bytes failed: 仅完成部分的 ReadProcessMemory 或 WriteProcessMemory 请求。 (0x12B)
[1119/220638.108:ERROR:process_memory_win.cc(73)] ReadMemory at 0x2a07b349840 of 124 bytes failed: 仅完成部分的 ReadProcessMemory 或 WriteProcessMemory 请求。 (0x12B)
[1119/220638.108:ERROR:process_memory_win.cc(73)] ReadMemory at 0x2a07b3535e0 of 150 bytes failed: 仅完成部分的 ReadProcessMemory 或 WriteProcessMemory 请求。 (0x12B)
[1119/220638.108:ERROR:process_memory_win.cc(73)] ReadMemory at 0x2a07b358fd0 of 132 bytes failed: 仅完成部分的 ReadProcessMemory 或 WriteProcessMemory 请求。 (0x12B)
[1119/220638.108:ERROR:process_memory_win.cc(73)] ReadMemory at 0x2a07b359100 of 132 bytes failed: 仅完成部分的 ReadProcessMemory 或 WriteProcessMemory 请求。 (0x12B)
[1119/220638.108:ERROR:process_memory_win.cc(73)] ReadMemory at 0x2a07b359230 of 132 bytes failed: 仅完成部分的 ReadProcessMemory 或 WriteProcessMemory 请求。 (0x12B)
[1119/220638.108:ERROR:process_memory_win.cc(73)] ReadMemory at 0x2a07b3595c0 of 132 bytes failed: 仅完成部分的 ReadProcessMemory 或 WriteProcessMemory 请求。 (0x12B)
[1119/220638.108:ERROR:process_memory_win.cc(73)] ReadMemory at 0x2a07b3596f0 of 132 bytes failed: 仅完成部分的 ReadProcessMemory 或 WriteProcessMemory 请求。 (0x12B)
[1119/220638.108:ERROR:process_memory_win.cc(73)] ReadMemory at 0x2a07b359820 of 132 bytes failed: 仅完成部分的 ReadProcessMemory 或 WriteProcessMemory 请求。 (0x12B)
[1119/220638.108:ERROR:process_memory_win.cc(73)] ReadMemory at 0x2a07b359950 of 132 bytes failed: 仅完成部分的 ReadProcessMemory 或 WriteProcessMemory 请求。 (0x12B)
[1119/220638.108:ERROR:process_memory_win.cc(73)] ReadMemory at 0x2a07b359a80 of 132 bytes failed: 仅完成部分的 ReadProcessMemory 或 WriteProcessMemory 请求。 (0x12B)
[1119/220638.108:ERROR:process_memory_win.cc(73)] ReadMemory at 0x2a07b359bb0 of 132 bytes failed: 仅完成部分的 ReadProcessMemory 或 WriteProcessMemory 请求。 (0x12B)
[1119/220638.108:ERROR:process_memory_win.cc(73)] ReadMemory at 0x2a07b359e10 of 132 bytes failed: 仅完成部分的 ReadProcessMemory 或 WriteProcessMemory 请求。 (0x12B)
[1119/220638.108:ERROR:process_memory_win.cc(73)] ReadMemory at 0x2a07b35a070 of 132 bytes failed: 仅完成部分的 ReadProcessMemory 或 WriteProcessMemory 请求。 (0x12B)
[1119/220638.108:ERROR:process_memory_win.cc(73)] ReadMemory at 0x2a07b35a2d0 of 132 bytes failed: 仅完成部分的 ReadProcessMemory 或 WriteProcessMemory 请求。 (0x12B)
[1119/220638.108:ERROR:process_memory_win.cc(73)] ReadMemory at 0x2a07b35a660 of 132 bytes failed: 仅完成部分的 ReadProcessMemory 或 WriteProcessMemory 请求。 (0x12B)
[1119/220638.108:ERROR:process_memory_win.cc(73)] ReadMemory at 0x2a07b35a8c0 of 132 bytes failed: 仅完成部分的 ReadProcessMemory 或 WriteProcessMemory 请求。 (0x12B)
[1119/220638.108:ERROR:process_memory_win.cc(73)] ReadMemory at 0x2a07b35a9f0 of 132 bytes failed: 仅完成部分的 ReadProcessMemory 或 WriteProcessMemory 请求。 (0x12B)
[1119/220638.108:ERROR:process_memory_win.cc(73)] ReadMemory at 0x2a07b35ac50 of 132 bytes failed: 仅完成部分的 ReadProcessMemory 或 WriteProcessMemory 请求。 (0x12B)
[1119/220638.108:ERROR:process_memory_win.cc(73)] ReadMemory at 0x2a07b35b170 of 60 bytes failed: 仅完成部分的 ReadProcessMemory 或 WriteProcessMemory 请求。 (0x12B)
[1119/220638.108:ERROR:process_memory_win.cc(73)] ReadMemory at 0x2a07b35b8a0 of 58 bytes failed: 仅完成部分的 ReadProcessMemory 或 WriteProcessMemory 请求。 (0x12B)
[1119/220638.108:ERROR:process_memory_win.cc(73)] ReadMemory at 0x2a07b35ba30 of 58 bytes failed: 仅完成部分的 ReadProcessMemory 或 WriteProcessMemory 请求。 (0x12B)
[1119/220638.108:ERROR:process_memory_win.cc(73)] ReadMemory at 0x2a07b35bf30 of 64 bytes failed: 仅完成部分的 ReadProcessMemory 或 WriteProcessMemory 请求。 (0x12B)
[1119/220638.108:ERROR:process_memory_win.cc(73)] ReadMemory at 0x2a07b36cf70 of 144 bytes failed: 仅完成部分的 ReadProcessMemory 或 WriteProcessMemory 请求。 (0x12B)
[1119/220638.108:ERROR:process_memory_win.cc(73)] ReadMemory at 0x2a07b37dee0 of 196 bytes failed: 仅完成部分的 ReadProcessMemory 或 WriteProcessMemory 请求。 (0x12B)
[1119/220638.108:ERROR:process_memory_win.cc(73)] ReadMemory at 0x2a07b37e050 of 60 bytes failed: 仅完成部分的 ReadProcessMemory 或 WriteProcessMemory 请求。 (0x12B)
[1119/220638.108:ERROR:process_memory_win.cc(73)] ReadMemory at 0x2a07b37eb90 of 60 bytes failed: 仅完成部分的 ReadProcessMemory 或 WriteProcessMemory 请求。 (0x12B)
[1119/220638.108:ERROR:process_memory_win.cc(73)] ReadMemory at 0x2a07b3a3880 of 184 bytes failed: 仅完成部分的 ReadProcessMemory 或 WriteProcessMemory 请求。 (0x12B)
[1119/220638.109:ERROR:process_memory_win.cc(73)] ReadMemory at 0x2a07b3fb2d0 of 62 bytes failed: 仅完成部分的 ReadProcessMemory 或 WriteProcessMemory 请求。 (0x12B)
[1119/220638.109:ERROR:process_memory_win.cc(73)] ReadMemory at 0x2a07b3fb730 of 66 bytes failed: 仅完成部分的 ReadProcessMemory 或 WriteProcessMemory 请求。 (0x12B)
[1119/220638.109:ERROR:process_memory_win.cc(73)] ReadMemory at 0x2a07b418170 of 196 bytes failed: 仅完成部分的 ReadProcessMemory 或 WriteProcessMemory 请求。 (0x12B)
[1119/220638.109:ERROR:process_memory_win.cc(73)] ReadMemory at 0x7ffb7039c64c of 512 bytes failed: 仅完成部分的 ReadProcessMemory 或 WriteProcessMemory 请求。 (0x12B)
[1119/220638.109:ERROR:process_memory_win.cc(73)] ReadMemory at 0x7ffb70fd95fe of 512 bytes failed: 仅完成部分的 ReadProcessMemory 或 WriteProcessMemory 请求。 (0x12B)
[1119/220638.109:ERROR:process_memory_win.cc(73)] ReadMemory at 0x7ffb72ca5ae8 of 512 bytes failed: 仅完成部分的 ReadProcessMemory 或 WriteProcessMemory 请求。 (0x12B)
[1119/220638.109:ERROR:process_memory_win.cc(73)] ReadMemory at 0x7ffb732aeaca of 512 bytes failed: 仅完成部分的 ReadProcessMemory 或 WriteProcessMemory 请求。 (0x12B)
[1119/220638.109:ERROR:process_memory_win.cc(73)] ReadMemory at 0x7ffb73ad3250 of 512 bytes failed: 仅完成部分的 ReadProcessMemory 或 WriteProcessMemory 请求。 (0x12B)
[1119/220638.109:ERROR:process_memory_win.cc(73)] ReadMemory at 0x7ffb8573bd9a of 512 bytes failed: 仅完成部分的 ReadProcessMemory 或 WriteProcessMemory 请求。 (0x12B)
[1119/220638.109:ERROR:process_memory_win.cc(73)] ReadMemory at 0x7ffbad33d740 of 512 bytes failed: 仅完成部分的 ReadProcessMemory 或 WriteProcessMemory 请求。 (0x12B)
[1119/220638.109:ERROR:process_memory_win.cc(73)] ReadMemory at 0x7ffbb39716e8 of 512 bytes failed: 仅完成部分的 ReadProcessMemory 或 WriteProcessMemory 请求。 (0x12B)
[1119/220638.109:ERROR:process_memory_win.cc(73)] ReadMemory at 0x7ffbb6fbefc0 of 512 bytes failed: 仅完成部分的 ReadProcessMemory 或 WriteProcessMemory 请求。 (0x12B)
[1119/220638.109:ERROR:process_memory_win.cc(73)] ReadMemory at 0x7ffbb6fc2900 of 512 bytes failed: 仅完成部分的 ReadProcessMemory 或 WriteProcessMemory 请求。 (0x12B)
[1119/220638.109:ERROR:process_memory_win.cc(73)] ReadMemory at 0x7ffbb70360a4 of 672 bytes failed: 仅完成部分的 ReadProcessMemory 或 WriteProcessMemory 请求。 (0x12B)
[1119/220638.109:ERROR:process_memory_win.cc(73)] ReadMemory at 0x7ffbb70366a4 of 512 bytes failed: 仅完成部分的 ReadProcessMemory 或 WriteProcessMemory 请求。 (0x12B)
[1119/220638.109:ERROR:process_memory_win.cc(73)] ReadMemory at 0x7ffbb7036b74 of 512 bytes failed: 仅完成部分的 ReadProcessMemory 或 WriteProcessMemory 请求。 (0x12B)
[1119/220638.109:ERROR:process_memory_win.cc(73)] ReadMemory at 0x7ffbb70397f4 of 512 bytes failed: 仅完成部分的 ReadProcessMemory 或 WriteProcessMemory 请求。 (0x12B)
[1119/220638.109:ERROR:process_memory_win.cc(73)] ReadMemory at 0x7ffbb70a2560 of 512 bytes failed: 仅完成部分的 ReadProcessMemory 或 WriteProcessMemory 请求。 (0x12B)
[1119/220638.109:ERROR:process_memory_win.cc(73)] ReadMemory at 0x7ffbb70ac860 of 18 bytes failed: 仅完成部分的 ReadProcessMemory 或 WriteProcessMemory 请求。 (0x12B)
[1119/220638.109:ERROR:process_memory_win.cc(73)] ReadMemory at 0x7ffbb70dd568 of 40 bytes failed: 仅完成部分的 ReadProcessMemory 或 WriteProcessMemory 请求。 (0x12B)
[1119/220638.109:ERROR:process_memory_win.cc(73)] ReadMemory at 0x7ffbb70dd998 of 48 bytes failed: 仅完成部分的 ReadProcessMemory 或 WriteProcessMemory 请求。 (0x12B)
[1119/220638.109:ERROR:process_memory_win.cc(73)] ReadMemory at 0x7ffbb70e33a0 of 64 bytes failed: 仅完成部分的 ReadProcessMemory 或 WriteProcessMemory 请求。 (0x12B)
[1119/220638.112:ERROR:file_io_win.cc(161)] CreateFile C:\Users\ADMINI~1\AppData\Local\Temp\scoped_dir47052_1348813776\Crashpad\settings.dat: 系统找不到指定的文件。 (0x2)
[1119/220638.132:ERROR:crash_report_database_win.cc(469)] failed to stat report
[1119/220638.111:ERROR:scoped_process_suspend.cc(40)] NtResumeProcess: 已尝试访问正在退出的过程。 (0xc000010a)
[1119/220933.379:ERROR:process_info.cc(375)] NtQuerySystemInformation SystemExtendedHandleInformation: 指定的信息记录长度与请求的信息类别长度不符合。 (0xc0000004)
[1119/221202.648:ERROR:process_info.cc(375)] NtQuerySystemInformation SystemExtendedHandleInformation: 指定的信息记录长度与请求的信息类别长度不符合。 (0xc0000004)
[1119/222755.805:ERROR:process_info.cc(375)] NtQuerySystemInformation SystemExtendedHandleInformation: 指定的信息记录长度与请求的信息类别长度不符合。 (0xc0000004)
[1122/103653.443:ERROR:process_reader_win.cc(176)] GetThreadContext: 连到系统上的设备没有发挥作用。 (0x1F)
[1206/154643.264:ERROR:process_info.cc(359)] UncheckedAllocate
